#
# There is insufficient memory for the Java Runtime Environment to continue.
# Native memory allocation (mmap) failed to map 119537664 bytes for G1 virtual space
# Possible reasons:
#   The system is out of physical RAM or swap space
#   The process is running with CompressedOops enabled, and the Java Heap may be blocking the growth of the native heap
# Possible solutions:
#   Reduce memory load on the system
#   Increase physical memory or swap space
#   Check if swap backing store is full
#   Decrease Java heap size (-Xmx/-Xms)
#   Decrease number of Java threads
#   Decrease Java thread stack sizes (-Xss)
#   Set larger code cache with -XX:ReservedCodeCacheSize=
#   JVM is running with Unscaled Compressed Oops mode in which the Java heap is
#     placed in the first 4GB address space. The Java Heap base address is the
#     maximum limit for the native heap growth. Please use -XX:HeapBaseMinAddress
#     to set the Java Heap base and to place the Java Heap above 4GB virtual address.
# This output file may be truncated or incomplete.
#
#  Out of Memory Error (os_windows.cpp:3550), pid=16652, tid=8000
#
# JRE version: Java(TM) SE Runtime Environment (17.0.6+9) (build 17.0.6+9-LTS-190)
# Java VM: Java HotSpot(TM) 64-Bit Server VM (17.0.6+9-LTS-190, mixed mode, emulated-client, sharing, tiered, compressed oops, compressed class ptrs, g1 gc, windows-amd64)
# No core dump will be written. Minidumps are not enabled by default on client versions of Windows
#

---------------  S U M M A R Y ------------

Command Line: -agentlib:jdwp=transport=dt_socket,address=127.0.0.1:54120,suspend=y,server=n -agentpath:C:\Users\pc\AppData\Local\Temp\idea_libasyncProfiler_dll_temp_folder4202\libasyncProfiler.dll=version,jfr,event=wall,interval=10ms,cstack=no,file=C:\Users\pc\IdeaSnapshots\SecurityExApplication_2025_05_11_044521.jfr,dbghelppath=C:\Users\pc\AppData\Local\Temp\idea_dbghelp_dll_temp_folder2\dbghelp.dll,log=C:\Users\pc\AppData\Local\Temp\SecurityExApplication_2025_05_11_044521.jfr.log.txt,logLevel=DEBUG -XX:TieredStopAtLevel=1 -Dspring.output.ansi.enabled=always -Dcom.sun.management.jmxremote -Dspring.jmx.enabled=true -Dspring.liveBeansView.mbeanDomain -Dspring.application.admin.enabled=true -Dmanagement.endpoints.jmx.exposure.include=* -javaagent:C:\Users\pc\AppData\Local\JetBrains\IntelliJIdea2024.3\captureAgent\debugger-agent.jar -Dkotlinx.coroutines.debug.enable.creation.stack.trace=false -Ddebugger.agent.enable.coroutines=true -Dkotlinx.coroutines.debug.enable.flows.stack.trace=true -Dkotlinx.coroutines.debug.enable.mutable.state.flows.stack.trace=true -Dfile.encoding=UTF-8 com.huytpq.SecurityEx.SecurityExApplication

Host: Intel(R) Core(TM) i5-1035G1 CPU @ 1.00GHz, 8 cores, 7G,  Windows 10 , 64 bit Build 19041 (10.0.19041.5678)
Time: Sun May 11 04:45:33 2025 SE Asia Standard Time elapsed time: 12.211863 seconds (0d 0h 0m 12s)

---------------  T H R E A D  ---------------

Current thread (0x000001dfd324a530):  VMThread "VM Thread" [stack: 0x00000089c4700000,0x00000089c4800000] [id=8000]

Stack: [0x00000089c4700000,0x00000089c4800000]
Native frames: (J=compiled Java code, j=interpreted, Vv=VM code, C=native code)
V  [jvm.dll+0x6734ea]
V  [jvm.dll+0x7d18f4]
V  [jvm.dll+0x7d309e]
V  [jvm.dll+0x7d3703]
V  [jvm.dll+0x2433c5]
V  [jvm.dll+0x6703f9]
V  [jvm.dll+0x664d32]
V  [jvm.dll+0x300086]
V  [jvm.dll+0x307606]
V  [jvm.dll+0x356c1e]
V  [jvm.dll+0x356e4f]
V  [jvm.dll+0x2d72e8]
V  [jvm.dll+0x2d57e5]
V  [jvm.dll+0x2d4dec]
V  [jvm.dll+0x31837b]
V  [jvm.dll+0x7d7f0b]
V  [jvm.dll+0x7d8c44]
V  [jvm.dll+0x7d915d]
V  [jvm.dll+0x7d9534]
V  [jvm.dll+0x7d9600]
V  [jvm.dll+0x781a7a]
V  [jvm.dll+0x672375]
C  [ucrtbase.dll+0x21bb2]
C  [KERNEL32.DLL+0x17374]
C  [ntdll.dll+0x4cc91]

VM_Operation (0x00000089c64f6480): G1CollectForAllocation, mode: safepoint, requested by thread 0x000001dfd53d87b0


---------------  P R O C E S S  ---------------

Threads class SMR info:
_java_thread_list=0x000001dfdd165e00, length=28, elements={
0x000001dfc09414a0, 0x000001dfd324cec0, 0x000001dfd324d980, 0x000001dfd3266bb0,
0x000001dfd3267670, 0x000001dfd326a040, 0x000001dfd326cd20, 0x000001dfd326d690,
0x000001dfd327f4c0, 0x000001dfd335f3b0, 0x000001dfd3232b60, 0x000001dfd336db90,
0x000001dfd33ccf00, 0x000001dfd33cdf90, 0x000001dfd33d4db0, 0x000001dfd3524740,
0x000001dfd4d01980, 0x000001dfd46cd870, 0x000001dfd46cdd40, 0x000001dfd53d82e0,
0x000001dfd53d87b0, 0x000001dfd56a50f0, 0x000001dfd8536110, 0x000001dfd85335c0,
0x000001dfd8536ab0, 0x000001dfd4bf3090, 0x000001dfda221500, 0x000001dfda21f350
}

Java Threads: ( => current thread )
  0x000001dfc09414a0 JavaThread "main" [_thread_blocked, id=15848, stack(0x00000089c4100000,0x00000089c4200000)]
  0x000001dfd324cec0 JavaThread "Reference Handler" daemon [_thread_blocked, id=15536, stack(0x00000089c4800000,0x00000089c4900000)]
  0x000001dfd324d980 JavaThread "Finalizer" daemon [_thread_blocked, id=3328, stack(0x00000089c4900000,0x00000089c4a00000)]
  0x000001dfd3266bb0 JavaThread "Signal Dispatcher" daemon [_thread_blocked, id=13880, stack(0x00000089c4a00000,0x00000089c4b00000)]
  0x000001dfd3267670 JavaThread "Attach Listener" daemon [_thread_blocked, id=15100, stack(0x00000089c4b00000,0x00000089c4c00000)]
  0x000001dfd326a040 JavaThread "Service Thread" daemon [_thread_blocked, id=12168, stack(0x00000089c4c00000,0x00000089c4d00000)]
  0x000001dfd326cd20 JavaThread "Monitor Deflation Thread" daemon [_thread_blocked, id=1676, stack(0x00000089c4d00000,0x00000089c4e00000)]
  0x000001dfd326d690 JavaThread "C1 CompilerThread0" daemon [_thread_blocked, id=14364, stack(0x00000089c4e00000,0x00000089c4f00000)]
  0x000001dfd327f4c0 JavaThread "Sweeper thread" daemon [_thread_blocked, id=15372, stack(0x00000089c4f00000,0x00000089c5000000)]
  0x000001dfd335f3b0 JavaThread "Common-Cleaner" daemon [_thread_blocked, id=10412, stack(0x00000089c5000000,0x00000089c5100000)]
  0x000001dfd3232b60 JavaThread "C1 CompilerThread1" daemon [_thread_blocked, id=9660, stack(0x00000089c5100000,0x00000089c5200000)]
  0x000001dfd336db90 JavaThread "C1 CompilerThread2" daemon [_thread_blocked, id=4944, stack(0x00000089c5200000,0x00000089c5300000)]
  0x000001dfd33ccf00 JavaThread "JDWP Transport Listener: dt_socket" daemon [_thread_blocked, id=4088, stack(0x00000089c5300000,0x00000089c5400000)]
  0x000001dfd33cdf90 JavaThread "JDWP Event Helper Thread" daemon [_thread_blocked, id=5316, stack(0x00000089c5400000,0x00000089c5500000)]
  0x000001dfd33d4db0 JavaThread "JDWP Command Reader" daemon [_thread_in_native, id=16280, stack(0x00000089c5500000,0x00000089c5600000)]
  0x000001dfd3524740 JavaThread "Notification Thread" daemon [_thread_blocked, id=15908, stack(0x00000089c5600000,0x00000089c5700000)]
  0x000001dfd4d01980 JavaThread "RMI TCP Accept-0" daemon [_thread_in_native, id=16376, stack(0x00000089c5700000,0x00000089c5800000)]
  0x000001dfd46cd870 JavaThread "RMI TCP Connection(1)-192.168.0.108" daemon [_thread_blocked, id=17400, stack(0x00000089c5900000,0x00000089c5a00000)]
  0x000001dfd46cdd40 JavaThread "RMI Scheduler(0)" daemon [_thread_blocked, id=15780, stack(0x00000089c5a00000,0x00000089c5b00000)]
  0x000001dfd53d82e0 JavaThread "Thread-0" [_thread_blocked, id=17080, stack(0x00000089c6300000,0x00000089c6400000)]
  0x000001dfd53d87b0 JavaThread "restartedMain" [_thread_blocked, id=10880, stack(0x00000089c6400000,0x00000089c6500000)]
  0x000001dfd56a50f0 JavaThread "C1 CompilerThread3" daemon [_thread_blocked, id=2288, stack(0x00000089c6600000,0x00000089c6700000)]
  0x000001dfd8536110 JavaThread "Catalina-utility-1" [_thread_blocked, id=16992, stack(0x00000089c6500000,0x00000089c6600000)]
  0x000001dfd85335c0 JavaThread "Catalina-utility-2" [_thread_blocked, id=15376, stack(0x00000089c6800000,0x00000089c6900000)]
  0x000001dfd8536ab0 JavaThread "container-0" [_thread_blocked, id=7400, stack(0x00000089c6900000,0x00000089c6a00000)]
  0x000001dfd4bf3090 JavaThread "mysql-cj-abandoned-connection-cleanup" daemon [_thread_blocked, id=14292, stack(0x00000089c6a00000,0x00000089c6b00000)]
  0x000001dfda221500 JavaThread "HikariPool-1 housekeeper" daemon [_thread_blocked, id=15472, stack(0x00000089c6c00000,0x00000089c6d00000)]
  0x000001dfda21f350 JavaThread "HikariPool-1 connection adder" daemon [_thread_blocked, id=3552, stack(0x00000089c6d00000,0x00000089c6e00000)]

Other Threads:
=>0x000001dfd324a530 VMThread "VM Thread" [stack: 0x00000089c4700000,0x00000089c4800000] [id=8000]
  0x000001dfd4447350 WatcherThread [stack: 0x00000089c5800000,0x00000089c5900000] [id=17356]
  0x000001dfc84787f0 GCTaskThread "GC Thread#0" [stack: 0x00000089c4200000,0x00000089c4300000] [id=11344]
  0x000001dfd46da180 GCTaskThread "GC Thread#1" [stack: 0x00000089c5b00000,0x00000089c5c00000] [id=16972]
  0x000001dfd4ed4520 GCTaskThread "GC Thread#2" [stack: 0x00000089c5c00000,0x00000089c5d00000] [id=8596]
  0x000001dfd4da7990 GCTaskThread "GC Thread#3" [stack: 0x00000089c5d00000,0x00000089c5e00000] [id=16012]
  0x000001dfd51a8650 GCTaskThread "GC Thread#4" [stack: 0x00000089c5e00000,0x00000089c5f00000] [id=7984]
  0x000001dfd4cbf5e0 GCTaskThread "GC Thread#5" [stack: 0x00000089c5f00000,0x00000089c6000000] [id=2152]
  0x000001dfd515b0c0 GCTaskThread "GC Thread#6" [stack: 0x00000089c6000000,0x00000089c6100000] [id=16980]
  0x000001dfd4f26100 GCTaskThread "GC Thread#7" [stack: 0x00000089c6100000,0x00000089c6200000] [id=8220]
  0x000001dfc8488fc0 ConcurrentGCThread "G1 Main Marker" [stack: 0x00000089c4300000,0x00000089c4400000] [id=6152]
  0x000001dfc84898e0 ConcurrentGCThread "G1 Conc#0" [stack: 0x00000089c4400000,0x00000089c4500000] [id=16776]
  0x000001dfd549c140 ConcurrentGCThread "G1 Conc#1" [stack: 0x00000089c6700000,0x00000089c6800000] [id=16556]
  0x000001dfc8519570 ConcurrentGCThread "G1 Refine#0" [stack: 0x00000089c4500000,0x00000089c4600000] [id=5720]
  0x000001dfd4dd8510 ConcurrentGCThread "G1 Refine#1" [stack: 0x00000089c6200000,0x00000089c6300000] [id=14488]
  0x000001dfdc6718d0 ConcurrentGCThread "G1 Refine#2" [stack: 0x00000089c6e00000,0x00000089c6f00000] [id=9212]
  0x000001dfc8519ea0 ConcurrentGCThread "G1 Service" [stack: 0x00000089c4600000,0x00000089c4700000] [id=6192]

Threads with active compile tasks:

VM state: at safepoint (normal execution)

VM Mutex/Monitor currently owned by a thread:  ([mutex/lock_event])
[0x000001dfc840f680] Threads_lock - owner thread: 0x000001dfd324a530
[0x000001dfc8410d00] Heap_lock - owner thread: 0x000001dfd53d87b0

Heap address: 0x0000000083400000, size: 1996 MB, Compressed Oops mode: 32-bit

CDS archive(s) mapped at: [0x0000000800000000-0x0000000800bd0000-0x0000000800bd0000), size 12386304, SharedBaseAddress: 0x0000000800000000, ArchiveRelocationMode: 0.
Compressed class space mapped at: 0x0000000800c00000-0x0000000840c00000, reserved size: 1073741824
Narrow klass base: 0x0000000800000000, Narrow klass shift: 0, Narrow klass range: 0x100000000

GC Precious Log:
 CPUs: 8 total, 8 available
 Memory: 7981M
 Large Page Support: Disabled
 NUMA Support: Disabled
 Compressed Oops: Enabled (32-bit)
 Heap Region Size: 1M
 Heap Min Capacity: 8M
 Heap Initial Capacity: 126M
 Heap Max Capacity: 1996M
 Pre-touch: Disabled
 Parallel Workers: 8
 Concurrent Workers: 2
 Concurrent Refinement Workers: 8
 Periodic GC: Disabled

Heap:
 garbage-first heap   total 129024K, used 86016K [0x0000000083400000, 0x0000000100000000)
  region size 1024K, 2 young (2048K), 2 survivors (2048K)
 Metaspace       used 69063K, committed 69696K, reserved 1114112K
  class space    used 9894K, committed 10176K, reserved 1048576K

Heap Regions: E=young(eden), S=young(survivor), O=old, HS=humongous(starts), HC=humongous(continues), CS=collection set, F=free, OA=open archive, CA=closed archive, TAMS=top-at-mark-start (previous, next)
|   0|0x0000000083400000, 0x0000000083500000, 0x0000000083500000|100%|HS|  |TAMS 0x0000000083500000, 0x0000000083500000| Complete 
|   1|0x0000000083500000, 0x0000000083600000, 0x0000000083600000|100%|HS|  |TAMS 0x0000000083600000, 0x0000000083600000| Complete 
|   2|0x0000000083600000, 0x0000000083700000, 0x0000000083700000|100%| O|  |TAMS 0x0000000083700000, 0x0000000083700000| Untracked 
|   3|0x0000000083700000, 0x0000000083800000, 0x0000000083800000|100%| O|  |TAMS 0x0000000083800000, 0x0000000083800000| Untracked 
|   4|0x0000000083800000, 0x0000000083900000, 0x0000000083900000|100%| O|  |TAMS 0x0000000083900000, 0x0000000083900000| Untracked 
|   5|0x0000000083900000, 0x0000000083a00000, 0x0000000083a00000|100%| O|  |TAMS 0x0000000083a00000, 0x0000000083a00000| Untracked 
|   6|0x0000000083a00000, 0x0000000083b00000, 0x0000000083b00000|100%| O|  |TAMS 0x0000000083b00000, 0x0000000083b00000| Untracked 
|   7|0x0000000083b00000, 0x0000000083c00000, 0x0000000083c00000|100%| O|  |TAMS 0x0000000083c00000, 0x0000000083c00000| Untracked 
|   8|0x0000000083c00000, 0x0000000083d00000, 0x0000000083d00000|100%| O|  |TAMS 0x0000000083d00000, 0x0000000083d00000| Untracked 
|   9|0x0000000083d00000, 0x0000000083e00000, 0x0000000083e00000|100%| O|  |TAMS 0x0000000083e00000, 0x0000000083e00000| Untracked 
|  10|0x0000000083e00000, 0x0000000083f00000, 0x0000000083f00000|100%| O|  |TAMS 0x0000000083f00000, 0x0000000083f00000| Untracked 
|  11|0x0000000083f00000, 0x0000000084000000, 0x0000000084000000|100%| O|  |TAMS 0x0000000084000000, 0x0000000084000000| Untracked 
|  12|0x0000000084000000, 0x0000000084100000, 0x0000000084100000|100%| O|  |TAMS 0x0000000084100000, 0x0000000084100000| Untracked 
|  13|0x0000000084100000, 0x0000000084200000, 0x0000000084200000|100%| O|  |TAMS 0x0000000084200000, 0x0000000084200000| Untracked 
|  14|0x0000000084200000, 0x0000000084300000, 0x0000000084300000|100%| O|  |TAMS 0x0000000084300000, 0x0000000084300000| Untracked 
|  15|0x0000000084300000, 0x0000000084400000, 0x0000000084400000|100%| O|  |TAMS 0x0000000084400000, 0x0000000084400000| Untracked 
|  16|0x0000000084400000, 0x0000000084500000, 0x0000000084500000|100%| O|  |TAMS 0x0000000084500000, 0x0000000084500000| Untracked 
|  17|0x0000000084500000, 0x0000000084600000, 0x0000000084600000|100%| O|  |TAMS 0x0000000084600000, 0x0000000084600000| Untracked 
|  18|0x0000000084600000, 0x0000000084700000, 0x0000000084700000|100%| O|  |TAMS 0x0000000084700000, 0x0000000084700000| Untracked 
|  19|0x0000000084700000, 0x0000000084800000, 0x0000000084800000|100%| O|  |TAMS 0x0000000084800000, 0x0000000084800000| Untracked 
|  20|0x0000000084800000, 0x0000000084900000, 0x0000000084900000|100%| O|  |TAMS 0x0000000084900000, 0x0000000084900000| Untracked 
|  21|0x0000000084900000, 0x0000000084a00000, 0x0000000084a00000|100%| O|  |TAMS 0x0000000084a00000, 0x0000000084a00000| Untracked 
|  22|0x0000000084a00000, 0x0000000084b00000, 0x0000000084b00000|100%| O|  |TAMS 0x0000000084b00000, 0x0000000084b00000| Untracked 
|  23|0x0000000084b00000, 0x0000000084c00000, 0x0000000084c00000|100%| O|  |TAMS 0x0000000084c00000, 0x0000000084c00000| Untracked 
|  24|0x0000000084c00000, 0x0000000084d00000, 0x0000000084d00000|100%| O|  |TAMS 0x0000000084d00000, 0x0000000084d00000| Untracked 
|  25|0x0000000084d00000, 0x0000000084e00000, 0x0000000084e00000|100%| O|  |TAMS 0x0000000084e00000, 0x0000000084e00000| Untracked 
|  26|0x0000000084e00000, 0x0000000084f00000, 0x0000000084f00000|100%| O|  |TAMS 0x0000000084f00000, 0x0000000084f00000| Untracked 
|  27|0x0000000084f00000, 0x0000000085000000, 0x0000000085000000|100%| O|  |TAMS 0x0000000085000000, 0x0000000085000000| Untracked 
|  28|0x0000000085000000, 0x0000000085100000, 0x0000000085100000|100%| O|  |TAMS 0x0000000085100000, 0x0000000085100000| Untracked 
|  29|0x0000000085100000, 0x0000000085200000, 0x0000000085200000|100%| O|  |TAMS 0x0000000085200000, 0x0000000085200000| Untracked 
|  30|0x0000000085200000, 0x0000000085300000, 0x0000000085300000|100%| O|  |TAMS 0x0000000085300000, 0x0000000085300000| Untracked 
|  31|0x0000000085300000, 0x0000000085400000, 0x0000000085400000|100%| O|  |TAMS 0x0000000085400000, 0x0000000085400000| Untracked 
|  32|0x0000000085400000, 0x0000000085500000, 0x0000000085500000|100%| O|  |TAMS 0x0000000085500000, 0x0000000085500000| Untracked 
|  33|0x0000000085500000, 0x0000000085600000, 0x0000000085600000|100%| O|  |TAMS 0x0000000085600000, 0x0000000085600000| Untracked 
|  34|0x0000000085600000, 0x0000000085700000, 0x0000000085700000|100%| O|  |TAMS 0x0000000085700000, 0x0000000085700000| Untracked 
|  35|0x0000000085700000, 0x0000000085800000, 0x0000000085800000|100%| O|  |TAMS 0x0000000085800000, 0x0000000085800000| Untracked 
|  36|0x0000000085800000, 0x0000000085900000, 0x0000000085900000|100%| O|  |TAMS 0x0000000085900000, 0x0000000085900000| Untracked 
|  37|0x0000000085900000, 0x0000000085a00000, 0x0000000085a00000|100%| O|  |TAMS 0x0000000085a00000, 0x0000000085a00000| Untracked 
|  38|0x0000000085a00000, 0x0000000085b00000, 0x0000000085b00000|100%| O|  |TAMS 0x0000000085b00000, 0x0000000085b00000| Untracked 
|  39|0x0000000085b00000, 0x0000000085c00000, 0x0000000085c00000|100%| O|  |TAMS 0x0000000085c00000, 0x0000000085c00000| Untracked 
|  40|0x0000000085c00000, 0x0000000085d00000, 0x0000000085d00000|100%| O|  |TAMS 0x0000000085c00000, 0x0000000085c00000| Untracked 
|  41|0x0000000085d00000, 0x0000000085e00000, 0x0000000085e00000|100%| O|  |TAMS 0x0000000085e00000, 0x0000000085e00000| Untracked 
|  42|0x0000000085e00000, 0x0000000085f00000, 0x0000000085f00000|100%| O|  |TAMS 0x0000000085f00000, 0x0000000085f00000| Untracked 
|  43|0x0000000085f00000, 0x0000000086000000, 0x0000000086000000|100%| O|  |TAMS 0x0000000086000000, 0x0000000086000000| Untracked 
|  44|0x0000000086000000, 0x0000000086100000, 0x0000000086100000|100%| O|  |TAMS 0x0000000086100000, 0x0000000086100000| Untracked 
|  45|0x0000000086100000, 0x0000000086200000, 0x0000000086200000|100%| O|  |TAMS 0x0000000086200000, 0x0000000086200000| Untracked 
|  46|0x0000000086200000, 0x0000000086300000, 0x0000000086300000|100%| O|  |TAMS 0x00000000862e4400, 0x0000000086300000| Untracked 
|  47|0x0000000086300000, 0x0000000086400000, 0x0000000086400000|100%| O|  |TAMS 0x0000000086300000, 0x0000000086400000| Untracked 
|  48|0x0000000086400000, 0x0000000086500000, 0x0000000086500000|100%| O|  |TAMS 0x0000000086400000, 0x0000000086500000| Untracked 
|  49|0x0000000086500000, 0x0000000086600000, 0x0000000086600000|100%| O|  |TAMS 0x0000000086500000, 0x0000000086600000| Untracked 
|  50|0x0000000086600000, 0x0000000086700000, 0x0000000086700000|100%| O|  |TAMS 0x0000000086600000, 0x0000000086700000| Untracked 
|  51|0x0000000086700000, 0x0000000086800000, 0x0000000086800000|100%| O|  |TAMS 0x0000000086700000, 0x0000000086800000| Untracked 
|  52|0x0000000086800000, 0x0000000086900000, 0x0000000086900000|100%| O|  |TAMS 0x0000000086800000, 0x0000000086900000| Untracked 
|  53|0x0000000086900000, 0x0000000086a00000, 0x0000000086a00000|100%| O|  |TAMS 0x0000000086900000, 0x0000000086a00000| Untracked 
|  54|0x0000000086a00000, 0x0000000086b00000, 0x0000000086b00000|100%| O|  |TAMS 0x0000000086a00000, 0x0000000086b00000| Untracked 
|  55|0x0000000086b00000, 0x0000000086c00000, 0x0000000086c00000|100%| O|  |TAMS 0x0000000086b00000, 0x0000000086c00000| Untracked 
|  56|0x0000000086c00000, 0x0000000086d00000, 0x0000000086d00000|100%| O|  |TAMS 0x0000000086c00000, 0x0000000086d00000| Untracked 
|  57|0x0000000086d00000, 0x0000000086e00000, 0x0000000086e00000|100%| O|  |TAMS 0x0000000086d00000, 0x0000000086e00000| Untracked 
|  58|0x0000000086e00000, 0x0000000086f00000, 0x0000000086f00000|100%| O|  |TAMS 0x0000000086e00000, 0x0000000086f00000| Untracked 
|  59|0x0000000086f00000, 0x0000000087000000, 0x0000000087000000|100%| O|  |TAMS 0x0000000086f00000, 0x0000000087000000| Untracked 
|  60|0x0000000087000000, 0x0000000087100000, 0x0000000087100000|100%| O|  |TAMS 0x0000000087000000, 0x0000000087100000| Untracked 
|  61|0x0000000087100000, 0x0000000087200000, 0x0000000087200000|100%| O|  |TAMS 0x0000000087100000, 0x0000000087200000| Untracked 
|  62|0x0000000087200000, 0x0000000087300000, 0x0000000087300000|100%| O|  |TAMS 0x0000000087200000, 0x0000000087300000| Untracked 
|  63|0x0000000087300000, 0x0000000087400000, 0x0000000087400000|100%|HS|  |TAMS 0x0000000087300000, 0x0000000087400000| Complete 
|  64|0x0000000087400000, 0x0000000087500000, 0x0000000087500000|100%| O|  |TAMS 0x0000000087400000, 0x0000000087500000| Untracked 
|  65|0x0000000087500000, 0x0000000087600000, 0x0000000087600000|100%| O|  |TAMS 0x0000000087500000, 0x0000000087600000| Untracked 
|  66|0x0000000087600000, 0x0000000087700000, 0x0000000087700000|100%| O|  |TAMS 0x0000000087600000, 0x0000000087700000| Untracked 
|  67|0x0000000087700000, 0x0000000087800000, 0x0000000087800000|100%| O|  |TAMS 0x0000000087700000, 0x0000000087800000| Untracked 
|  68|0x0000000087800000, 0x0000000087900000, 0x0000000087900000|100%| O|  |TAMS 0x0000000087800000, 0x0000000087900000| Untracked 
|  69|0x0000000087900000, 0x0000000087a00000, 0x0000000087a00000|100%| O|  |TAMS 0x0000000087900000, 0x0000000087a00000| Untracked 
|  70|0x0000000087a00000, 0x0000000087b00000, 0x0000000087b00000|100%| O|  |TAMS 0x0000000087a00000, 0x0000000087b00000| Untracked 
|  71|0x0000000087b00000, 0x0000000087c00000, 0x0000000087c00000|100%| O|  |TAMS 0x0000000087b00000, 0x0000000087c00000| Untracked 
|  72|0x0000000087c00000, 0x0000000087d00000, 0x0000000087d00000|100%| O|  |TAMS 0x0000000087c00000, 0x0000000087d00000| Untracked 
|  73|0x0000000087d00000, 0x0000000087e00000, 0x0000000087e00000|100%| O|  |TAMS 0x0000000087d00000, 0x0000000087e00000| Untracked 
|  74|0x0000000087e00000, 0x0000000087f00000, 0x0000000087f00000|100%| O|  |TAMS 0x0000000087e00000, 0x0000000087f00000| Untracked 
|  75|0x0000000087f00000, 0x0000000088000000, 0x0000000088000000|100%| O|  |TAMS 0x0000000087f00000, 0x0000000088000000| Untracked 
|  76|0x0000000088000000, 0x0000000088100000, 0x0000000088100000|100%| O|  |TAMS 0x0000000088000000, 0x0000000088100000| Untracked 
|  77|0x0000000088100000, 0x0000000088200000, 0x0000000088200000|100%| O|  |TAMS 0x0000000088100000, 0x000000008815b000| Untracked 
|  78|0x0000000088200000, 0x0000000088300000, 0x0000000088300000|100%| O|  |TAMS 0x0000000088200000, 0x0000000088200000| Untracked 
|  79|0x0000000088300000, 0x0000000088400000, 0x0000000088400000|100%| O|  |TAMS 0x0000000088300000, 0x0000000088300000| Untracked 
|  80|0x0000000088400000, 0x0000000088500000, 0x0000000088500000|100%| O|  |TAMS 0x0000000088400000, 0x0000000088400000| Untracked 
|  81|0x0000000088500000, 0x0000000088600000, 0x0000000088600000|100%| O|  |TAMS 0x0000000088500000, 0x0000000088500000| Untracked 
|  82|0x0000000088600000, 0x0000000088600000, 0x0000000088700000|  0%| F|  |TAMS 0x0000000088600000, 0x0000000088600000| Untracked 
|  83|0x0000000088700000, 0x0000000088700000, 0x0000000088800000|  0%| F|  |TAMS 0x0000000088700000, 0x0000000088700000| Untracked 
|  84|0x0000000088800000, 0x0000000088800000, 0x0000000088900000|  0%| F|  |TAMS 0x0000000088800000, 0x0000000088800000| Untracked 
|  85|0x0000000088900000, 0x0000000088900000, 0x0000000088a00000|  0%| F|  |TAMS 0x0000000088900000, 0x0000000088900000| Untracked 
|  86|0x0000000088a00000, 0x0000000088a00000, 0x0000000088b00000|  0%| F|  |TAMS 0x0000000088a00000, 0x0000000088a00000| Untracked 
|  87|0x0000000088b00000, 0x0000000088b00000, 0x0000000088c00000|  0%| F|  |TAMS 0x0000000088b00000, 0x0000000088b00000| Untracked 
|  88|0x0000000088c00000, 0x0000000088c00000, 0x0000000088d00000|  0%| F|  |TAMS 0x0000000088c00000, 0x0000000088c00000| Untracked 
|  89|0x0000000088d00000, 0x0000000088d00000, 0x0000000088e00000|  0%| F|  |TAMS 0x0000000088d00000, 0x0000000088d00000| Untracked 
|  90|0x0000000088e00000, 0x0000000088e00000, 0x0000000088f00000|  0%| F|  |TAMS 0x0000000088e00000, 0x0000000088e00000| Untracked 
|  91|0x0000000088f00000, 0x0000000088f00000, 0x0000000089000000|  0%| F|  |TAMS 0x0000000088f00000, 0x0000000088f00000| Untracked 
|  92|0x0000000089000000, 0x0000000089000000, 0x0000000089100000|  0%| F|  |TAMS 0x0000000089000000, 0x0000000089000000| Untracked 
|  93|0x0000000089100000, 0x0000000089100000, 0x0000000089200000|  0%| F|  |TAMS 0x0000000089100000, 0x0000000089100000| Untracked 
|  94|0x0000000089200000, 0x0000000089200000, 0x0000000089300000|  0%| F|  |TAMS 0x0000000089200000, 0x0000000089200000| Untracked 
|  95|0x0000000089300000, 0x0000000089300000, 0x0000000089400000|  0%| F|  |TAMS 0x0000000089300000, 0x0000000089300000| Untracked 
|  96|0x0000000089400000, 0x0000000089400000, 0x0000000089500000|  0%| F|  |TAMS 0x0000000089400000, 0x0000000089400000| Untracked 
|  97|0x0000000089500000, 0x0000000089500000, 0x0000000089600000|  0%| F|  |TAMS 0x0000000089500000, 0x0000000089500000| Untracked 
|  98|0x0000000089600000, 0x0000000089600000, 0x0000000089700000|  0%| F|  |TAMS 0x0000000089600000, 0x0000000089600000| Untracked 
|  99|0x0000000089700000, 0x0000000089700000, 0x0000000089800000|  0%| F|  |TAMS 0x0000000089700000, 0x0000000089700000| Untracked 
| 100|0x0000000089800000, 0x0000000089800000, 0x0000000089900000|  0%| F|  |TAMS 0x0000000089800000, 0x0000000089800000| Untracked 
| 101|0x0000000089900000, 0x0000000089900000, 0x0000000089a00000|  0%| F|  |TAMS 0x0000000089900000, 0x0000000089900000| Untracked 
| 102|0x0000000089a00000, 0x0000000089b00000, 0x0000000089b00000|100%| S|CS|TAMS 0x0000000089a00000, 0x0000000089a00000| Complete 
| 103|0x0000000089b00000, 0x0000000089c00000, 0x0000000089c00000|100%| S|CS|TAMS 0x0000000089b00000, 0x0000000089b00000| Complete 
| 104|0x0000000089c00000, 0x0000000089c00000, 0x0000000089d00000|  0%| F|  |TAMS 0x0000000089c00000, 0x0000000089c00000| Untracked 
| 105|0x0000000089d00000, 0x0000000089d00000, 0x0000000089e00000|  0%| F|  |TAMS 0x0000000089d00000, 0x0000000089d00000| Untracked 
| 106|0x0000000089e00000, 0x0000000089e00000, 0x0000000089f00000|  0%| F|  |TAMS 0x0000000089e00000, 0x0000000089e00000| Untracked 
| 107|0x0000000089f00000, 0x0000000089f00000, 0x000000008a000000|  0%| F|  |TAMS 0x0000000089f00000, 0x0000000089f00000| Untracked 
| 108|0x000000008a000000, 0x000000008a000000, 0x000000008a100000|  0%| F|  |TAMS 0x000000008a000000, 0x000000008a000000| Untracked 
| 109|0x000000008a100000, 0x000000008a100000, 0x000000008a200000|  0%| F|  |TAMS 0x000000008a100000, 0x000000008a100000| Untracked 
| 110|0x000000008a200000, 0x000000008a200000, 0x000000008a300000|  0%| F|  |TAMS 0x000000008a200000, 0x000000008a200000| Untracked 
| 111|0x000000008a300000, 0x000000008a300000, 0x000000008a400000|  0%| F|  |TAMS 0x000000008a300000, 0x000000008a300000| Untracked 
| 112|0x000000008a400000, 0x000000008a400000, 0x000000008a500000|  0%| F|  |TAMS 0x000000008a400000, 0x000000008a400000| Untracked 
| 113|0x000000008a500000, 0x000000008a500000, 0x000000008a600000|  0%| F|  |TAMS 0x000000008a500000, 0x000000008a500000| Untracked 
| 114|0x000000008a600000, 0x000000008a600000, 0x000000008a700000|  0%| F|  |TAMS 0x000000008a600000, 0x000000008a600000| Untracked 
| 115|0x000000008a700000, 0x000000008a700000, 0x000000008a800000|  0%| F|  |TAMS 0x000000008a700000, 0x000000008a700000| Untracked 
| 116|0x000000008a800000, 0x000000008a800000, 0x000000008a900000|  0%| F|  |TAMS 0x000000008a800000, 0x000000008a800000| Untracked 
| 117|0x000000008a900000, 0x000000008a900000, 0x000000008aa00000|  0%| F|  |TAMS 0x000000008a900000, 0x000000008a900000| Untracked 
| 118|0x000000008aa00000, 0x000000008aa00000, 0x000000008ab00000|  0%| F|  |TAMS 0x000000008aa00000, 0x000000008aa00000| Untracked 
| 119|0x000000008ab00000, 0x000000008ab00000, 0x000000008ac00000|  0%| F|  |TAMS 0x000000008ab00000, 0x000000008ab00000| Untracked 
| 120|0x000000008ac00000, 0x000000008ac00000, 0x000000008ad00000|  0%| F|  |TAMS 0x000000008ac00000, 0x000000008ac00000| Untracked 
| 121|0x000000008ad00000, 0x000000008ad00000, 0x000000008ae00000|  0%| F|  |TAMS 0x000000008ad00000, 0x000000008ad00000| Untracked 
| 122|0x000000008ae00000, 0x000000008ae00000, 0x000000008af00000|  0%| F|  |TAMS 0x000000008ae00000, 0x000000008ae00000| Untracked 
| 123|0x000000008af00000, 0x000000008af00000, 0x000000008b000000|  0%| F|  |TAMS 0x000000008af00000, 0x000000008af00000| Untracked 
| 124|0x000000008b000000, 0x000000008b000000, 0x000000008b100000|  0%| F|  |TAMS 0x000000008b000000, 0x000000008b000000| Untracked 
| 125|0x000000008b100000, 0x000000008b100000, 0x000000008b200000|  0%| F|  |TAMS 0x000000008b100000, 0x000000008b100000| Untracked 

Card table byte_map: [0x000001dfcc250000,0x000001dfcc640000] _byte_map_base: 0x000001dfcbe36000

Marking Bits (Prev, Next): (CMBitMap*) 0x000001dfc8478d10, (CMBitMap*) 0x000001dfc8478d50
 Prev Bits: [0x000001dfcca30000, 0x000001dfce960000)
 Next Bits: [0x000001dfce960000, 0x000001dfd0890000)

Polling page: 0x000001dfbe7b0000

Metaspace:

Usage:
  Non-class:     57.78 MB used.
      Class:      9.66 MB used.
       Both:     67.44 MB used.

Virtual space:
  Non-class space:       64.00 MB reserved,      58.12 MB ( 91%) committed,  8 nodes.
      Class space:        1.00 GB reserved,       9.94 MB ( <1%) committed,  1 nodes.
             Both:        1.06 GB reserved,      68.06 MB (  6%) committed. 

Chunk freelists:
   Non-Class:  1.06 MB
       Class:  1.89 MB
        Both:  2.95 MB

MaxMetaspaceSize: unlimited
CompressedClassSpaceSize: 1.00 GB
Initial GC threshold: 21.00 MB
Current GC threshold: 113.44 MB
CDS: on
MetaspaceReclaimPolicy: balanced
 - commit_granule_bytes: 65536.
 - commit_granule_words: 8192.
 - virtual_space_node_default_size: 1048576.
 - enlarge_chunks_in_place: 1.
 - new_chunks_are_fully_committed: 0.
 - uncommit_free_chunks: 1.
 - use_allocation_guard: 0.
 - handle_deallocations: 1.


Internal statistics:

num_allocs_failed_limit: 9.
num_arena_births: 864.
num_arena_deaths: 0.
num_vsnodes_births: 9.
num_vsnodes_deaths: 0.
num_space_committed: 1089.
num_space_uncommitted: 0.
num_chunks_returned_to_freelist: 9.
num_chunks_taken_from_freelist: 3227.
num_chunk_merges: 9.
num_chunk_splits: 2360.
num_chunks_enlarged: 1831.
num_purges: 0.
num_inconsistent_stats: 0.

CodeCache: size=49152Kb used=16182Kb max_used=16182Kb free=32969Kb
 bounds [0x000001dfc85d0000, 0x000001dfc95a0000, 0x000001dfcb5d0000]
 total_blobs=7394 nmethods=6731 adapters=586
 compilation: enabled
              stopped_count=0, restarted_count=0
 full_count=0

Compilation events (20 events):
Event: 11.498 Thread 0x000001dfd336db90 6723       1       org.antlr.v4.runtime.misc.FlexibleHashMap::createEntryListArray (7 bytes)
Event: 11.498 Thread 0x000001dfd336db90 nmethod 6723 0x000001dfc9599890 code [0x000001dfc9599a20, 0x000001dfc9599b58]
Event: 11.499 Thread 0x000001dfd336db90 6724       1       org.antlr.v4.runtime.atn.OrderedATNConfigSet::<init> (16 bytes)
Event: 11.499 Thread 0x000001dfd3232b60 6725       1       org.antlr.v4.runtime.atn.OrderedATNConfigSet$LexerConfigHashSet::<init> (8 bytes)
Event: 11.499 Thread 0x000001dfd326d690 6726       1       org.antlr.v4.runtime.atn.LexerATNSimulator::computeTargetState (59 bytes)
Event: 11.499 Thread 0x000001dfd56a50f0 6727   !   1       org.antlr.v4.runtime.atn.LexerATNSimulator::addDFAEdge (57 bytes)
Event: 11.499 Thread 0x000001dfd3232b60 nmethod 6725 0x000001dfc9599c10 code [0x000001dfc9599da0, 0x000001dfc9599ea8]
Event: 11.499 Thread 0x000001dfd336db90 nmethod 6724 0x000001dfc9599f90 code [0x000001dfc959a140, 0x000001dfc959a338]
Event: 11.499 Thread 0x000001dfd56a50f0 nmethod 6727 0x000001dfc959a510 code [0x000001dfc959a6c0, 0x000001dfc959aab8]
Event: 11.500 Thread 0x000001dfd326d690 nmethod 6726 0x000001dfc959ae10 code [0x000001dfc959b000, 0x000001dfc959b3c8]
Event: 11.746 Thread 0x000001dfd326d690 6728   !   1       sun.nio.ch.NioSocketImpl::configureNonBlocking (63 bytes)
Event: 11.746 Thread 0x000001dfd56a50f0 6729       1       java.io.ObjectInputStream$FilterValues::arrayLength (5 bytes)
Event: 11.746 Thread 0x000001dfd56a50f0 nmethod 6729 0x000001dfc959b790 code [0x000001dfc959b920, 0x000001dfc959b9f8]
Event: 11.747 Thread 0x000001dfd326d690 nmethod 6728 0x000001dfc959ba90 code [0x000001dfc959bc60, 0x000001dfc959c068]
Event: 11.747 Thread 0x000001dfd326d690 6730       1       java.io.ObjectStreamClass::getFields (22 bytes)
Event: 11.748 Thread 0x000001dfd326d690 nmethod 6730 0x000001dfc959c490 code [0x000001dfc959c640, 0x000001dfc959c7a8]
Event: 11.749 Thread 0x000001dfd336db90 6731       1       java.io.ObjectInputStream::readShort (8 bytes)
Event: 11.749 Thread 0x000001dfd336db90 nmethod 6731 0x000001dfc959c910 code [0x000001dfc959caa0, 0x000001dfc959cba8]
Event: 11.750 Thread 0x000001dfd56a50f0 6732       1       sun.rmi.transport.StreamRemoteCall::getInputStream (60 bytes)
Event: 11.751 Thread 0x000001dfd56a50f0 nmethod 6732 0x000001dfc959cc90 code [0x000001dfc959cee0, 0x000001dfc959d588]

GC Heap History (20 events):
Event: 10.957 GC heap after
{Heap after GC invocations=27 (full 0):
 garbage-first heap   total 61440K, used 31967K [0x0000000083400000, 0x0000000100000000)
  region size 1024K, 2 young (2048K), 2 survivors (2048K)
 Metaspace       used 67154K, committed 67776K, reserved 1114112K
  class space    used 9638K, committed 9920K, reserved 1048576K
}
Event: 11.001 GC heap before
{Heap before GC invocations=27 (full 0):
 garbage-first heap   total 61440K, used 50399K [0x0000000083400000, 0x0000000100000000)
  region size 1024K, 20 young (20480K), 2 survivors (2048K)
 Metaspace       used 67163K, committed 67776K, reserved 1114112K
  class space    used 9638K, committed 9920K, reserved 1048576K
}
Event: 11.004 GC heap after
{Heap after GC invocations=28 (full 0):
 garbage-first heap   total 61440K, used 32279K [0x0000000083400000, 0x0000000100000000)
  region size 1024K, 2 young (2048K), 2 survivors (2048K)
 Metaspace       used 67163K, committed 67776K, reserved 1114112K
  class space    used 9638K, committed 9920K, reserved 1048576K
}
Event: 11.286 GC heap before
{Heap before GC invocations=29 (full 0):
 garbage-first heap   total 63488K, used 50711K [0x0000000083400000, 0x0000000100000000)
  region size 1024K, 21 young (21504K), 2 survivors (2048K)
 Metaspace       used 69059K, committed 69696K, reserved 1114112K
  class space    used 9892K, committed 10176K, reserved 1048576K
}
Event: 11.289 GC heap after
{Heap after GC invocations=30 (full 0):
 garbage-first heap   total 63488K, used 33520K [0x0000000083400000, 0x0000000100000000)
  region size 1024K, 3 young (3072K), 3 survivors (3072K)
 Metaspace       used 69059K, committed 69696K, reserved 1114112K
  class space    used 9892K, committed 10176K, reserved 1048576K
}
Event: 11.330 GC heap before
{Heap before GC invocations=30 (full 0):
 garbage-first heap   total 63488K, used 50928K [0x0000000083400000, 0x0000000100000000)
  region size 1024K, 20 young (20480K), 3 survivors (3072K)
 Metaspace       used 69059K, committed 69696K, reserved 1114112K
  class space    used 9892K, committed 10176K, reserved 1048576K
}
Event: 11.337 GC heap after
{Heap after GC invocations=31 (full 0):
 garbage-first heap   total 63488K, used 40085K [0x0000000083400000, 0x0000000100000000)
  region size 1024K, 3 young (3072K), 3 survivors (3072K)
 Metaspace       used 69059K, committed 69696K, reserved 1114112K
  class space    used 9892K, committed 10176K, reserved 1048576K
}
Event: 11.373 GC heap before
{Heap before GC invocations=31 (full 0):
 garbage-first heap   total 63488K, used 49301K [0x0000000083400000, 0x0000000100000000)
  region size 1024K, 12 young (12288K), 3 survivors (3072K)
 Metaspace       used 69059K, committed 69696K, reserved 1114112K
  class space    used 9892K, committed 10176K, reserved 1048576K
}
Event: 11.379 GC heap after
{Heap after GC invocations=32 (full 0):
 garbage-first heap   total 96256K, used 44401K [0x0000000083400000, 0x0000000100000000)
  region size 1024K, 2 young (2048K), 2 survivors (2048K)
 Metaspace       used 69059K, committed 69696K, reserved 1114112K
  class space    used 9892K, committed 10176K, reserved 1048576K
}
Event: 11.468 GC heap before
{Heap before GC invocations=33 (full 0):
 garbage-first heap   total 96256K, used 68977K [0x0000000083400000, 0x0000000100000000)
  region size 1024K, 26 young (26624K), 2 survivors (2048K)
 Metaspace       used 69063K, committed 69696K, reserved 1114112K
  class space    used 9894K, committed 10176K, reserved 1048576K
}
Event: 11.477 GC heap after
{Heap after GC invocations=34 (full 0):
 garbage-first heap   total 96256K, used 52113K [0x0000000083400000, 0x0000000100000000)
  region size 1024K, 4 young (4096K), 4 survivors (4096K)
 Metaspace       used 69063K, committed 69696K, reserved 1114112K
  class space    used 9894K, committed 10176K, reserved 1048576K
}
Event: 11.535 GC heap before
{Heap before GC invocations=34 (full 0):
 garbage-first heap   total 96256K, used 71569K [0x0000000083400000, 0x0000000100000000)
  region size 1024K, 23 young (23552K), 4 survivors (4096K)
 Metaspace       used 69063K, committed 69696K, reserved 1114112K
  class space    used 9894K, committed 10176K, reserved 1048576K
}
Event: 11.548 GC heap after
{Heap after GC invocations=35 (full 0):
 garbage-first heap   total 96256K, used 60416K [0x0000000083400000, 0x0000000100000000)
  region size 1024K, 3 young (3072K), 3 survivors (3072K)
 Metaspace       used 69063K, committed 69696K, reserved 1114112K
  class space    used 9894K, committed 10176K, reserved 1048576K
}
Event: 11.645 GC heap before
{Heap before GC invocations=35 (full 0):
 garbage-first heap   total 122880K, used 73728K [0x0000000083400000, 0x0000000100000000)
  region size 1024K, 16 young (16384K), 3 survivors (3072K)
 Metaspace       used 69063K, committed 69696K, reserved 1114112K
  class space    used 9894K, committed 10176K, reserved 1048576K
}
Event: 11.655 GC heap after
{Heap after GC invocations=36 (full 0):
 garbage-first heap   total 122880K, used 66385K [0x0000000083400000, 0x0000000100000000)
  region size 1024K, 2 young (2048K), 2 survivors (2048K)
 Metaspace       used 69063K, committed 69696K, reserved 1114112K
  class space    used 9894K, committed 10176K, reserved 1048576K
}
Event: 11.930 GC heap before
{Heap before GC invocations=37 (full 0):
 garbage-first heap   total 122880K, used 90961K [0x0000000083400000, 0x0000000100000000)
  region size 1024K, 25 young (25600K), 2 survivors (2048K)
 Metaspace       used 69063K, committed 69696K, reserved 1114112K
  class space    used 9894K, committed 10176K, reserved 1048576K
}
Event: 11.943 GC heap after
{Heap after GC invocations=38 (full 0):
 garbage-first heap   total 122880K, used 77771K [0x0000000083400000, 0x0000000100000000)
  region size 1024K, 4 young (4096K), 4 survivors (4096K)
 Metaspace       used 69063K, committed 69696K, reserved 1114112K
  class space    used 9894K, committed 10176K, reserved 1048576K
}
Event: 11.973 GC heap before
{Heap before GC invocations=38 (full 0):
 garbage-first heap   total 122880K, used 79819K [0x0000000083400000, 0x0000000100000000)
  region size 1024K, 6 young (6144K), 4 survivors (4096K)
 Metaspace       used 69063K, committed 69696K, reserved 1114112K
  class space    used 9894K, committed 10176K, reserved 1048576K
}
Event: 11.983 GC heap after
{Heap after GC invocations=39 (full 0):
 garbage-first heap   total 122880K, used 79212K [0x0000000083400000, 0x0000000100000000)
  region size 1024K, 1 young (1024K), 1 survivors (1024K)
 Metaspace       used 69063K, committed 69696K, reserved 1114112K
  class space    used 9894K, committed 10176K, reserved 1048576K
}
Event: 12.195 GC heap before
{Heap before GC invocations=39 (full 0):
 garbage-first heap   total 122880K, used 94572K [0x0000000083400000, 0x0000000100000000)
  region size 1024K, 16 young (16384K), 1 survivors (1024K)
 Metaspace       used 69063K, committed 69696K, reserved 1114112K
  class space    used 9894K, committed 10176K, reserved 1048576K
}

Deoptimization events (20 events):
Event: 11.278 Thread 0x000001dfd53d87b0 DEOPT PACKING pc=0x000001dfc90ce67c sp=0x00000089c64fbb10
Event: 11.278 Thread 0x000001dfd53d87b0 DEOPT UNPACKING pc=0x000001dfc86266e3 sp=0x00000089c64fafb0 mode 1
Event: 11.278 Thread 0x000001dfd53d87b0 DEOPT PACKING pc=0x000001dfc90e6284 sp=0x00000089c64fbb60
Event: 11.278 Thread 0x000001dfd53d87b0 DEOPT UNPACKING pc=0x000001dfc86266e3 sp=0x00000089c64fb050 mode 1
Event: 11.279 Thread 0x000001dfd53d87b0 DEOPT PACKING pc=0x000001dfc916d67c sp=0x00000089c64fba30
Event: 11.279 Thread 0x000001dfd53d87b0 DEOPT UNPACKING pc=0x000001dfc86266e3 sp=0x00000089c64faf58 mode 1
Event: 11.279 Thread 0x000001dfd53d87b0 DEOPT PACKING pc=0x000001dfc90ce67c sp=0x00000089c64fbb10
Event: 11.279 Thread 0x000001dfd53d87b0 DEOPT UNPACKING pc=0x000001dfc86266e3 sp=0x00000089c64fafb0 mode 1
Event: 11.279 Thread 0x000001dfd53d87b0 DEOPT PACKING pc=0x000001dfc90e6284 sp=0x00000089c64fbb60
Event: 11.279 Thread 0x000001dfd53d87b0 DEOPT UNPACKING pc=0x000001dfc86266e3 sp=0x00000089c64fb050 mode 1
Event: 11.281 Thread 0x000001dfd53d87b0 DEOPT PACKING pc=0x000001dfc916d67c sp=0x00000089c64fba00
Event: 11.281 Thread 0x000001dfd53d87b0 DEOPT UNPACKING pc=0x000001dfc86266e3 sp=0x00000089c64faf28 mode 1
Event: 11.281 Thread 0x000001dfd53d87b0 DEOPT PACKING pc=0x000001dfc90ce67c sp=0x00000089c64fbae0
Event: 11.281 Thread 0x000001dfd53d87b0 DEOPT UNPACKING pc=0x000001dfc86266e3 sp=0x00000089c64faf80 mode 1
Event: 11.281 Thread 0x000001dfd53d87b0 DEOPT PACKING pc=0x000001dfc90e6284 sp=0x00000089c64fbb30
Event: 11.281 Thread 0x000001dfd53d87b0 DEOPT UNPACKING pc=0x000001dfc86266e3 sp=0x00000089c64fb020 mode 1
Event: 11.749 Thread 0x000001dfd46cd870 DEOPT PACKING pc=0x000001dfc90ce67c sp=0x00000089c59feeb0
Event: 11.749 Thread 0x000001dfd46cd870 DEOPT UNPACKING pc=0x000001dfc86266e3 sp=0x00000089c59fe350 mode 1
Event: 11.749 Thread 0x000001dfd46cd870 DEOPT PACKING pc=0x000001dfc90e6284 sp=0x00000089c59fef00
Event: 11.749 Thread 0x000001dfd46cd870 DEOPT UNPACKING pc=0x000001dfc86266e3 sp=0x00000089c59fe3f0 mode 1

Classes unloaded (0 events):
No events

Classes redefined (1 events):
Event: 0.372 Thread 0x000001dfd324a530 redefined class name=java.lang.Throwable, count=1

Internal exceptions (20 events):
Event: 9.647 Thread 0x000001dfd53d87b0 Exception <a 'java/lang/NoSuchMethodError'{0x0000000085e5eaf0}: 'java.lang.Object java.lang.invoke.DirectMethodHandle$Holder.invokeSpecial(java.lang.Object, java.lang.Object, java.lang.Object, java.lang.Object, java.lang.Object, java.lang.Object, java.lang.Object, java.lang.Object, int)'> (0x0000000085e5eaf0) 
thrown [s\open\src\hotspot\share\interpreter\linkResolver.cpp, line 759]
Event: 9.647 Thread 0x000001dfd53d87b0 Exception <a 'java/lang/NoSuchMethodError'{0x0000000085e635d8}: 'java.lang.Object java.lang.invoke.Invokers$Holder.linkToTargetMethod(java.lang.Object, java.lang.Object, java.lang.Object, java.lang.Object, java.lang.Object, java.lang.Object, int, java.lang.Object)'> (0x0000000085e635d8) 
thrown [s\open\src\hotspot\share\interpreter\linkResolver.cpp, line 759]
Event: 9.683 Thread 0x000001dfd53d87b0 Exception <a 'java/lang/NoSuchMethodError'{0x0000000085dbb5a0}: 'void java.lang.invoke.DirectMethodHandle$Holder.invokeInterface(java.lang.Object, java.lang.Object)'> (0x0000000085dbb5a0) 
thrown [s\open\src\hotspot\share\interpreter\linkResolver.cpp, line 759]
Event: 9.990 Thread 0x000001dfd53d87b0 Exception <a 'java/lang/NoSuchMethodError'{0x0000000088b76978}: 'java.lang.Object java.lang.invoke.DirectMethodHandle$Holder.invokeSpecial(java.lang.Object, java.lang.Object, int, java.lang.Object, int)'> (0x0000000088b76978) 
thrown [s\open\src\hotspot\share\interpreter\linkResolver.cpp, line 759]
Event: 10.128 Thread 0x000001dfd53d87b0 Exception <a 'java/lang/IncompatibleClassChangeError'{0x00000000866107f0}: Found class java.lang.Object, but interface was expected> (0x00000000866107f0) 
thrown [s\open\src\hotspot\share\interpreter\linkResolver.cpp, line 826]
Event: 10.159 Thread 0x000001dfd53d87b0 Exception <a 'java/lang/IncompatibleClassChangeError'{0x00000000864147f0}: Found class java.lang.Object, but interface was expected> (0x00000000864147f0) 
thrown [s\open\src\hotspot\share\interpreter\linkResolver.cpp, line 826]
Event: 10.324 Thread 0x000001dfd53d87b0 Exception <a 'java/lang/IncompatibleClassChangeError'{0x0000000085c18c60}: Found class java.lang.Object, but interface was expected> (0x0000000085c18c60) 
thrown [s\open\src\hotspot\share\interpreter\linkResolver.cpp, line 826]
Event: 10.373 Thread 0x000001dfd53d87b0 Exception <a 'java/lang/reflect/InvocationTargetException'{0x0000000085adc100}> (0x0000000085adc100) 
thrown [s\open\src\hotspot\share\runtime\reflection.cpp, line 1121]
Event: 10.402 Thread 0x000001dfd53d87b0 Exception <a 'java/lang/NoSuchMethodError'{0x000000008b160308}: 'int java.lang.invoke.DirectMethodHandle$Holder.invokeStatic(java.lang.Object, java.lang.Object, int)'> (0x000000008b160308) 
thrown [s\open\src\hotspot\share\interpreter\linkResolver.cpp, line 759]
Event: 10.410 Thread 0x000001dfd53d87b0 Exception <a 'java/lang/IncompatibleClassChangeError'{0x000000008b1b0890}: Found class java.lang.Object, but interface was expected> (0x000000008b1b0890) 
thrown [s\open\src\hotspot\share\interpreter\linkResolver.cpp, line 826]
Event: 10.411 Thread 0x000001dfd53d87b0 Exception <a 'java/lang/IncompatibleClassChangeError'{0x000000008b1b7148}: Found class java.lang.Object, but interface was expected> (0x000000008b1b7148) 
thrown [s\open\src\hotspot\share\interpreter\linkResolver.cpp, line 826]
Event: 10.470 Thread 0x000001dfd53d87b0 Exception <a 'java/lang/NoSuchMethodError'{0x0000000088bf9ce8}: 'java.lang.Object java.lang.invoke.DirectMethodHandle$Holder.invokeStatic(java.lang.Object, int, java.lang.Object)'> (0x0000000088bf9ce8) 
thrown [s\open\src\hotspot\share\interpreter\linkResolver.cpp, line 759]
Event: 10.478 Thread 0x000001dfd53d87b0 Exception <a 'java/lang/reflect/InvocationTargetException'{0x0000000088a3f4f8}> (0x0000000088a3f4f8) 
thrown [s\open\src\hotspot\share\runtime\reflection.cpp, line 1121]
Event: 10.503 Thread 0x000001dfd53d87b0 Exception <a 'java/lang/reflect/InvocationTargetException'{0x00000000889ce130}> (0x00000000889ce130) 
thrown [s\open\src\hotspot\share\runtime\reflection.cpp, line 1121]
Event: 10.511 Thread 0x000001dfd53d87b0 Exception <a 'java/lang/reflect/InvocationTargetException'{0x000000008880f630}> (0x000000008880f630) 
thrown [s\open\src\hotspot\share\runtime\reflection.cpp, line 1121]
Event: 11.214 Thread 0x000001dfd53d87b0 Exception <a 'java/lang/reflect/InvocationTargetException'{0x000000008654d0e8}> (0x000000008654d0e8) 
thrown [s\open\src\hotspot\share\runtime\reflection.cpp, line 1121]
Event: 11.255 Thread 0x000001dfd53d87b0 Exception <a 'java/lang/reflect/InvocationTargetException'{0x000000008638daf0}> (0x000000008638daf0) 
thrown [s\open\src\hotspot\share\runtime\reflection.cpp, line 1121]
Event: 11.278 Thread 0x000001dfd53d87b0 Exception <a 'java/lang/reflect/InvocationTargetException'{0x00000000860ac2d8}> (0x00000000860ac2d8) 
thrown [s\open\src\hotspot\share\runtime\reflection.cpp, line 1121]
Event: 11.279 Thread 0x000001dfd53d87b0 Exception <a 'java/lang/reflect/InvocationTargetException'{0x00000000860b7458}> (0x00000000860b7458) 
thrown [s\open\src\hotspot\share\runtime\reflection.cpp, line 1121]
Event: 11.281 Thread 0x000001dfd53d87b0 Exception <a 'java/lang/reflect/InvocationTargetException'{0x00000000860c3aa8}> (0x00000000860c3aa8) 
thrown [s\open\src\hotspot\share\runtime\reflection.cpp, line 1121]

VM Operations (20 events):
Event: 11.384 Executing VM operation: G1Concurrent done
Event: 11.411 Executing VM operation: G1Concurrent
Event: 11.411 Executing VM operation: G1Concurrent done
Event: 11.468 Executing VM operation: G1CollectForAllocation
Event: 11.478 Executing VM operation: G1CollectForAllocation done
Event: 11.535 Executing VM operation: G1CollectForAllocation
Event: 11.548 Executing VM operation: G1CollectForAllocation done
Event: 11.636 Executing VM operation: G1Concurrent
Event: 11.641 Executing VM operation: G1Concurrent done
Event: 11.644 Executing VM operation: G1CollectForAllocation
Event: 11.655 Executing VM operation: G1CollectForAllocation done
Event: 11.732 Executing VM operation: G1Concurrent
Event: 11.732 Executing VM operation: G1Concurrent done
Event: 11.905 Executing VM operation: G1CollectForAllocation
Event: 11.943 Executing VM operation: G1CollectForAllocation done
Event: 11.954 Executing VM operation: G1CollectForAllocation
Event: 11.983 Executing VM operation: G1CollectForAllocation done
Event: 11.984 Executing VM operation: Cleanup
Event: 11.984 Executing VM operation: Cleanup done
Event: 12.195 Executing VM operation: G1CollectForAllocation

Events (20 events):
Event: 11.205 loading class org/springframework/data/mapping/model/AnnotationBasedPersistentProperty
Event: 11.205 loading class org/springframework/data/mapping/model/AnnotationBasedPersistentProperty done
Event: 11.205 loading class org/springframework/data/util/TypeInformation
Event: 11.205 loading class org/springframework/data/util/TypeInformation done
Event: 11.205 loading class java/util/WeakHashMap$KeyIterator
Event: 11.205 loading class java/util/WeakHashMap$HashIterator
Event: 11.205 loading class java/util/WeakHashMap$HashIterator done
Event: 11.205 loading class java/util/WeakHashMap$KeyIterator done
Event: 11.205 loading class java/util/WeakHashMap$EntrySet
Event: 11.205 loading class java/util/WeakHashMap$EntrySet done
Event: 11.205 loading class java/util/WeakHashMap$EntryIterator
Event: 11.205 loading class java/util/WeakHashMap$EntryIterator done
Event: 11.237 Thread 0x000001dfdd6f1730 Thread added: 0x000001dfdd6f1730
Event: 11.243 Thread 0x000001dfdd6f1730 Thread exited: 0x000001dfdd6f1730
Event: 11.282 loading class org/springframework/data/jpa/repository/query/ParameterBinding$MethodInvocationArgument
Event: 11.282 loading class org/springframework/data/jpa/repository/query/ParameterBinding$MethodInvocationArgument done
Event: 11.441 loading class org/antlr/v4/runtime/dfa/DFAState$PredPrediction
Event: 11.441 loading class org/antlr/v4/runtime/dfa/DFAState$PredPrediction done
Event: 11.745 Thread 0x000001dfdd6f03f0 Thread added: 0x000001dfdd6f03f0
Event: 11.770 Thread 0x000001dfdd6f03f0 Thread exited: 0x000001dfdd6f03f0


Dynamic libraries:
0x00007ff629a70000 - 0x00007ff629a80000 	C:\Program Files\Java\jdk-17\bin\java.exe
0x00007ffa06890000 - 0x00007ffa06a88000 	C:\Windows\SYSTEM32\ntdll.dll
0x00007ffa06180000 - 0x00007ffa06242000 	C:\Windows\System32\KERNEL32.DLL
0x00007ffa045b0000 - 0x00007ffa048a6000 	C:\Windows\System32\KERNELBASE.dll
0x00007ffa04290000 - 0x00007ffa04390000 	C:\Windows\System32\ucrtbase.dll
0x00007ffa00570000 - 0x00007ffa00588000 	C:\Program Files\Java\jdk-17\bin\jli.dll
0x00007ffa006e0000 - 0x00007ffa006fb000 	C:\Program Files\Java\jdk-17\bin\VCRUNTIME140.dll
0x00007ffa05810000 - 0x00007ffa058bf000 	C:\Windows\System32\ADVAPI32.dll
0x00007ffa04c10000 - 0x00007ffa04cae000 	C:\Windows\System32\msvcrt.dll
0x00007ffa062b0000 - 0x00007ffa0634f000 	C:\Windows\System32\sechost.dll
0x00007ffa05f70000 - 0x00007ffa06093000 	C:\Windows\System32\RPCRT4.dll
0x00007ffa03fc0000 - 0x00007ffa03fe7000 	C:\Windows\System32\bcrypt.dll
0x00007ffa06350000 - 0x00007ffa064ed000 	C:\Windows\System32\USER32.dll
0x00007ffa044b0000 - 0x00007ffa044d2000 	C:\Windows\System32\win32u.dll
0x00007ffa05950000 - 0x00007ffa0597b000 	C:\Windows\System32\GDI32.dll
0x00007ff9f24c0000 - 0x00007ff9f275a000 	C:\Windows\WinSxS\amd64_microsoft.windows.common-controls_6595b64144ccf1df_6.0.19041.4355_none_60b8b9eb71f62e16\COMCTL32.dll
0x00007ffa04390000 - 0x00007ffa044aa000 	C:\Windows\System32\gdi32full.dll
0x00007ffa03f20000 - 0x00007ffa03fbd000 	C:\Windows\System32\msvcp_win.dll
0x00007ff9faf40000 - 0x00007ff9faf4a000 	C:\Windows\SYSTEM32\VERSION.dll
0x00007ffa04990000 - 0x00007ffa049bf000 	C:\Windows\System32\IMM32.DLL
0x00007ffa00770000 - 0x00007ffa0077c000 	C:\Program Files\Java\jdk-17\bin\vcruntime140_1.dll
0x00007ff9fc6e0000 - 0x00007ff9fc76e000 	C:\Program Files\Java\jdk-17\bin\msvcp140.dll
0x00007ff978c90000 - 0x00007ff979867000 	C:\Program Files\Java\jdk-17\bin\server\jvm.dll
0x00007ffa06150000 - 0x00007ffa06158000 	C:\Windows\System32\PSAPI.DLL
0x00007ff9f3ed0000 - 0x00007ff9f3ef7000 	C:\Windows\SYSTEM32\WINMM.dll
0x00007ff9fe2d0000 - 0x00007ff9fe2d9000 	C:\Windows\SYSTEM32\WSOCK32.dll
0x00007ffa05980000 - 0x00007ffa059eb000 	C:\Windows\System32\WS2_32.dll
0x00007ffa01da0000 - 0x00007ffa01db2000 	C:\Windows\SYSTEM32\kernel.appcore.dll
0x00007ffa006a0000 - 0x00007ffa006aa000 	C:\Program Files\Java\jdk-17\bin\jimage.dll
0x00007ff9f28f0000 - 0x00007ff9f2ad4000 	C:\Windows\SYSTEM32\DBGHELP.DLL
0x00007ff9e86b0000 - 0x00007ff9e86e4000 	C:\Windows\SYSTEM32\dbgcore.DLL
0x00007ffa04200000 - 0x00007ffa04282000 	C:\Windows\System32\bcryptPrimitives.dll
0x00007ff9ffb10000 - 0x00007ff9ffb4b000 	C:\Program Files\Java\jdk-17\bin\jdwp.dll
0x00007ff9dcac0000 - 0x00007ff9dccce000 	C:\Users\pc\AppData\Local\Temp\idea_libasyncProfiler_dll_temp_folder4202\libasyncProfiler.dll
0x00007ffa00560000 - 0x00007ffa0056e000 	C:\Program Files\Java\jdk-17\bin\instrument.dll
0x00007ff9fca60000 - 0x00007ff9fca85000 	C:\Program Files\Java\jdk-17\bin\java.dll
0x00007ff9ffaf0000 - 0x00007ff9ffb08000 	C:\Program Files\Java\jdk-17\bin\zip.dll
0x00007ff9e6f00000 - 0x00007ff9e6fd7000 	C:\Program Files\Java\jdk-17\bin\jsvml.dll
0x00007ffa05040000 - 0x00007ffa057af000 	C:\Windows\System32\SHELL32.dll
0x00007ffa01fa0000 - 0x00007ffa02743000 	C:\Windows\SYSTEM32\windows.storage.dll
0x00007ffa064f0000 - 0x00007ffa06845000 	C:\Windows\System32\combase.dll
0x00007ffa038e0000 - 0x00007ffa0390b000 	C:\Windows\SYSTEM32\Wldp.dll
0x00007ffa04a20000 - 0x00007ffa04aed000 	C:\Windows\System32\OLEAUT32.dll
0x00007ffa060a0000 - 0x00007ffa0614d000 	C:\Windows\System32\SHCORE.dll
0x00007ffa049c0000 - 0x00007ffa04a15000 	C:\Windows\System32\shlwapi.dll
0x00007ffa03e50000 - 0x00007ffa03e75000 	C:\Windows\SYSTEM32\profapi.dll
0x00007ffa00550000 - 0x00007ffa0055c000 	C:\Program Files\Java\jdk-17\bin\dt_socket.dll
0x00007ffa032c0000 - 0x00007ffa032fb000 	C:\Windows\SYSTEM32\IPHLPAPI.DLL
0x00007ffa035e0000 - 0x00007ffa0364c000 	C:\Windows\system32\mswsock.dll
0x00007ff9fca40000 - 0x00007ff9fca59000 	C:\Program Files\Java\jdk-17\bin\net.dll
0x00007ff9fbf20000 - 0x00007ff9fc02a000 	C:\Windows\SYSTEM32\WINHTTP.dll
0x00007ff9fc9b0000 - 0x00007ff9fc9c6000 	C:\Program Files\Java\jdk-17\bin\nio.dll
0x00007ffa03300000 - 0x00007ffa033ca000 	C:\Windows\SYSTEM32\DNSAPI.dll
0x00007ffa06170000 - 0x00007ffa06178000 	C:\Windows\System32\NSI.dll
0x00007ff9fcea0000 - 0x00007ff9fceaa000 	C:\Windows\System32\rasadhlp.dll
0x00007ff9f4d10000 - 0x00007ff9f4d90000 	C:\Windows\System32\fwpuclnt.dll
0x00007ff9fe2e0000 - 0x00007ff9fe2ea000 	C:\Program Files\Java\jdk-17\bin\management.dll
0x00007ff9fca20000 - 0x00007ff9fca2b000 	C:\Program Files\Java\jdk-17\bin\management_ext.dll
0x00007ffa037d0000 - 0x00007ffa037e8000 	C:\Windows\SYSTEM32\CRYPTSP.dll
0x00007ffa02f00000 - 0x00007ffa02f38000 	C:\Windows\system32\rsaenh.dll
0x00007ffa03dd0000 - 0x00007ffa03dfe000 	C:\Windows\SYSTEM32\USERENV.dll
0x00007ffa037f0000 - 0x00007ffa037fc000 	C:\Windows\SYSTEM32\CRYPTBASE.dll
0x00007ff9fcf60000 - 0x00007ff9fcf77000 	C:\Windows\SYSTEM32\dhcpcsvc6.DLL
0x00007ff9fd470000 - 0x00007ff9fd48d000 	C:\Windows\SYSTEM32\dhcpcsvc.DLL
0x00007ff9e4a20000 - 0x00007ff9e4a37000 	C:\Windows\system32\napinsp.dll
0x00007ff9c2df0000 - 0x00007ff9c2e0b000 	C:\Windows\system32\pnrpnsp.dll
0x00007ffa00780000 - 0x00007ffa00795000 	C:\Windows\system32\wshbth.dll
0x00007ffa002c0000 - 0x00007ffa002dd000 	C:\Windows\system32\NLAapi.dll
0x00007ff9c2dd0000 - 0x00007ff9c2de2000 	C:\Windows\System32\winrnr.dll
0x00007ff9fc6d0000 - 0x00007ff9fc6dd000 	C:\Program Files\Java\jdk-17\bin\sunmscapi.dll
0x00007ffa040a0000 - 0x00007ffa041fd000 	C:\Windows\System32\CRYPT32.dll
0x00007ffa03950000 - 0x00007ffa03977000 	C:\Windows\SYSTEM32\ncrypt.dll
0x00007ffa03910000 - 0x00007ffa0394b000 	C:\Windows\SYSTEM32\NTASN1.dll
0x00007ff9fc9a0000 - 0x00007ff9fc9b0000 	C:\Program Files\Java\jdk-17\bin\verify.dll

dbghelp: loaded successfully - version: 4.0.5 - missing functions: none
symbol engine: initialized successfully - sym options: 0x614 - pdb path: .;C:\Program Files\Java\jdk-17\bin;C:\Windows\SYSTEM32;C:\Windows\WinSxS\amd64_microsoft.windows.common-controls_6595b64144ccf1df_6.0.19041.4355_none_60b8b9eb71f62e16;C:\Program Files\Java\jdk-17\bin\server;C:\Users\pc\AppData\Local\Temp\idea_libasyncProfiler_dll_temp_folder4202

VM Arguments:
jvm_args: -agentlib:jdwp=transport=dt_socket,address=127.0.0.1:54120,suspend=y,server=n -agentpath:C:\Users\pc\AppData\Local\Temp\idea_libasyncProfiler_dll_temp_folder4202\libasyncProfiler.dll=version,jfr,event=wall,interval=10ms,cstack=no,file=C:\Users\pc\IdeaSnapshots\SecurityExApplication_2025_05_11_044521.jfr,dbghelppath=C:\Users\pc\AppData\Local\Temp\idea_dbghelp_dll_temp_folder2\dbghelp.dll,log=C:\Users\pc\AppData\Local\Temp\SecurityExApplication_2025_05_11_044521.jfr.log.txt,logLevel=DEBUG -XX:TieredStopAtLevel=1 -Dspring.output.ansi.enabled=always -Dcom.sun.management.jmxremote -Dspring.jmx.enabled=true -Dspring.liveBeansView.mbeanDomain -Dspring.application.admin.enabled=true -Dmanagement.endpoints.jmx.exposure.include=* -javaagent:C:\Users\pc\AppData\Local\JetBrains\IntelliJIdea2024.3\captureAgent\debugger-agent.jar -Dkotlinx.coroutines.debug.enable.creation.stack.trace=false -Ddebugger.agent.enable.coroutines=true -Dkotlinx.coroutines.debug.enable.flows.stack.trace=true -Dkotlinx.coroutines.debug.enable.mutable.state.flows.stack.trace=true -Dfile.encoding=UTF-8 
java_command: com.huytpq.SecurityEx.SecurityExApplication
java_class_path (initial): F:\Work\DATN\RecipeFullStack\Be\JwtObjectService\target\classes;C:\Users\pc\.m2\repository\org\springframework\boot\spring-boot-starter-security\3.4.2\spring-boot-starter-security-3.4.2.jar;C:\Users\pc\.m2\repository\org\springframework\boot\spring-boot-starter\3.4.2\spring-boot-starter-3.4.2.jar;C:\Users\pc\.m2\repository\org\springframework\boot\spring-boot-starter-logging\3.4.2\spring-boot-starter-logging-3.4.2.jar;C:\Users\pc\.m2\repository\ch\qos\logback\logback-classic\1.5.16\logback-classic-1.5.16.jar;C:\Users\pc\.m2\repository\ch\qos\logback\logback-core\1.5.16\logback-core-1.5.16.jar;C:\Users\pc\.m2\repository\org\apache\logging\log4j\log4j-to-slf4j\2.24.3\log4j-to-slf4j-2.24.3.jar;C:\Users\pc\.m2\repository\org\apache\logging\log4j\log4j-api\2.24.3\log4j-api-2.24.3.jar;C:\Users\pc\.m2\repository\org\slf4j\jul-to-slf4j\2.0.16\jul-to-slf4j-2.0.16.jar;C:\Users\pc\.m2\repository\jakarta\annotation\jakarta.annotation-api\2.1.1\jakarta.annotation-api-2.1.1.jar;C:\Users\pc\.m2\repository\org\yaml\snakeyaml\2.3\snakeyaml-2.3.jar;C:\Users\pc\.m2\repository\org\springframework\spring-aop\6.2.2\spring-aop-6.2.2.jar;C:\Users\pc\.m2\repository\org\springframework\spring-beans\6.2.2\spring-beans-6.2.2.jar;C:\Users\pc\.m2\repository\org\springframework\security\spring-security-config\6.4.2\spring-security-config-6.4.2.jar;C:\Users\pc\.m2\repository\org\springframework\spring-context\6.2.2\spring-context-6.2.2.jar;C:\Users\pc\.m2\repository\org\springframework\security\spring-security-web\6.4.2\spring-security-web-6.4.2.jar;C:\Users\pc\.m2\repository\org\springframework\spring-expression\6.2.2\spring-expression-6.2.2.jar;C:\Users\pc\.m2\repository\org\springframework\boot\spring-boot-starter-web\3.4.2\spring-boot-starter-web-3.4.2.jar;C:\Users\pc\.m2\repository\org\springframework\boot\spring-boot-starter-json\3.4.2\spring-boot-starter-json-3.4.2.jar;C:\Users\pc\.m2\repository\com\fasterxml\jackson\datatype\jackson-datatype-jdk8\2.18.2\jackson
Launcher Type: SUN_STANDARD

[Global flags]
     intx CICompilerCount                          = 4                                         {product} {ergonomic}
     uint ConcGCThreads                            = 2                                         {product} {ergonomic}
     uint G1ConcRefinementThreads                  = 8                                         {product} {ergonomic}
   size_t G1HeapRegionSize                         = 1048576                                   {product} {ergonomic}
    uintx GCDrainStackTargetSize                   = 64                                        {product} {ergonomic}
   size_t InitialHeapSize                          = 132120576                                 {product} {ergonomic}
     bool ManagementServer                         = true                                      {product} {command line}
   size_t MarkStackSize                            = 4194304                                   {product} {ergonomic}
   size_t MaxHeapSize                              = 2092957696                                {product} {ergonomic}
   size_t MaxNewSize                               = 1255145472                                {product} {ergonomic}
   size_t MinHeapDeltaBytes                        = 1048576                                   {product} {ergonomic}
   size_t MinHeapSize                              = 8388608                                   {product} {ergonomic}
    uintx NonProfiledCodeHeapSize                  = 0                                      {pd product} {ergonomic}
     bool ProfileInterpreter                       = false                                  {pd product} {command line}
    uintx ProfiledCodeHeapSize                     = 0                                      {pd product} {ergonomic}
   size_t SoftMaxHeapSize                          = 2092957696                             {manageable} {ergonomic}
     intx TieredStopAtLevel                        = 1                                         {product} {command line}
     bool UseCompressedClassPointers               = true                           {product lp64_product} {ergonomic}
     bool UseCompressedOops                        = true                           {product lp64_product} {ergonomic}
     bool UseG1GC                                  = true                                      {product} {ergonomic}
     bool UseLargePagesIndividualAllocation        = false                                  {pd product} {ergonomic}

Logging:
Log output configuration:
 #0: stdout all=warning uptime,level,tags
 #1: stderr all=off uptime,level,tags

Environment Variables:
JAVA_HOME=C:\Program Files\Java\jdk-23
PATH=C:\Program Files\Common Files\Oracle\Java\javapath;C:\Windows\system32;C:\Windows;C:\Windows\System32\Wbem;C:\Windows\System32\WindowsPowerShell\v1.0\;C:\Windows\System32\OpenSSH\;C:\Program Files\Microsoft SQL Server\150\Tools\Binn\;C:\Program Files\Microsoft SQL Server\Client SDK\ODBC\170\Tools\Binn\;C:\Program Files (x86)\Microsoft SQL Server\160\Tools\Binn\;C:\Program Files\Microsoft SQL Server\160\Tools\Binn\;C:\Program Files\Microsoft SQL Server\160\DTS\Binn\;C:\Program Files (x86)\Microsoft SQL Server\160\DTS\Binn\;F:\H?c\Git\Git\cmd;C:\Program Files\dotnet\;C:\Program Files\Java\jdk-23\bin;C:\Program Files\Git\cmd;C:\Users\pc\apache-maven-3.9.9\bin;C:\Program Files\node-v20.3.1-win-x64;C:\Users\pc\AppData\Local\Microsoft\WindowsApps;C:\Users\pc\.dotnet\tools;F:\Work\VS Code\Microsoft VS Code\bin
USERNAME=pc
OS=Windows_NT
PROCESSOR_IDENTIFIER=Intel64 Family 6 Model 126 Stepping 5, GenuineIntel



---------------  S Y S T E M  ---------------

OS:
 Windows 10 , 64 bit Build 19041 (10.0.19041.5678)
OS uptime: 0 days 6:52 hours

CPU: total 8 (initial active 8) (4 cores per cpu, 2 threads per core) family 6 model 126 stepping 5 microcode 0x78, cx8, cmov, fxsr, ht, mmx, 3dnowpref, sse, sse2, sse3, ssse3, sse4.1, sse4.2, popcnt, lzcnt, tsc, tscinvbit, avx, avx2, aes, erms, clmul, bmi1, bmi2, adx, avx512f, avx512dq, avx512cd, avx512bw, avx512vl, sha, fma, vzeroupper, avx512_vpopcntdq, avx512_vpclmulqdq, avx512_vaes, avx512_vnni, clflush, clflushopt, avx512_vbmi2, avx512_vbmi

Memory: 4k page, system-wide physical 7981M (576M free)
TotalPageFile size 16077M (AvailPageFile size 241M)
current process WorkingSet (physical memory assigned to process): 333M, peak: 333M
current process commit charge ("private bytes"): 395M, peak: 509M

vm_info: Java HotSpot(TM) 64-Bit Server VM (17.0.6+9-LTS-190) for windows-amd64 JRE (17.0.6+9-LTS-190), built on Dec  6 2022 15:53:54 by "mach5one" with MS VC++ 17.1 (VS2022)

END.
