#
# There is insufficient memory for the Java Runtime Environment to continue.
# Native memory allocation (malloc) failed to allocate 1047216 bytes for Chunk::new
# Possible reasons:
#   The system is out of physical RAM or swap space
#   The process is running with CompressedOops enabled, and the Java Heap may be blocking the growth of the native heap
# Possible solutions:
#   Reduce memory load on the system
#   Increase physical memory or swap space
#   Check if swap backing store is full
#   Decrease Java heap size (-Xmx/-Xms)
#   Decrease number of Java threads
#   Decrease Java thread stack sizes (-Xss)
#   Set larger code cache with -XX:ReservedCodeCacheSize=
#   JVM is running with Unscaled Compressed Oops mode in which the Java heap is
#     placed in the first 4GB address space. The Java Heap base address is the
#     maximum limit for the native heap growth. Please use -XX:HeapBaseMinAddress
#     to set the Java Heap base and to place the Java Heap above 4GB virtual address.
# This output file may be truncated or incomplete.
#
#  Out of Memory Error (arena.cpp:189), pid=15736, tid=4012
#
# JRE version: Java(TM) SE Runtime Environment (17.0.6+9) (build 17.0.6+9-LTS-190)
# Java VM: Java HotSpot(TM) 64-Bit Server VM (17.0.6+9-LTS-190, mixed mode, sharing, tiered, compressed oops, compressed class ptrs, g1 gc, windows-amd64)
# No core dump will be written. Minidumps are not enabled by default on client versions of Windows
#

---------------  S U M M A R Y ------------

Command Line: -Dmaven.multiModuleProjectDirectory=F:\Work\DATN\RecipeFullStack\Be\JwtObjectService -Djansi.passthrough=true -Dmaven.home=F:\Work\Intellij Idea Setup\IntelliJ IDEA Ultimate\IntelliJ IDEA 2024.3.1.1\plugins\maven\lib\maven3 -Dclassworlds.conf=F:\Work\Intellij Idea Setup\IntelliJ IDEA Ultimate\IntelliJ IDEA 2024.3.1.1\plugins\maven\lib\maven3\bin\m2.conf -Dmaven.ext.class.path=F:\Work\Intellij Idea Setup\IntelliJ IDEA Ultimate\IntelliJ IDEA 2024.3.1.1\plugins\maven\lib\maven-event-listener.jar -javaagent:F:\Work\Intellij Idea Setup\IntelliJ IDEA Ultimate\IntelliJ IDEA 2024.3.1.1\lib\idea_rt.jar=54200:F:\Work\Intellij Idea Setup\IntelliJ IDEA Ultimate\IntelliJ IDEA 2024.3.1.1\bin -Dfile.encoding=UTF-8 org.codehaus.classworlds.Launcher -Didea.version=2024.3.1.1 -Dmaven.repo.local=C:\Users\pc\.m2\repository clean compile install

Host: Intel(R) Core(TM) i5-1035G1 CPU @ 1.00GHz, 8 cores, 7G,  Windows 10 , 64 bit Build 19041 (10.0.19041.5678)
Time: Sun May 11 04:46:19 2025 SE Asia Standard Time elapsed time: 27.979739 seconds (0d 0h 0m 27s)

---------------  T H R E A D  ---------------

Current thread (0x0000012024e473b0):  JavaThread "C2 CompilerThread0" daemon [_thread_in_native, id=4012, stack(0x000000079df00000,0x000000079e000000)]


Current CompileTask:
C2:  27979 8976       4       com.sun.tools.javac.code.Types$MembersClosureCache::visitClassType (10 bytes)

Stack: [0x000000079df00000,0x000000079e000000]
Native frames: (J=compiled Java code, j=interpreted, Vv=VM code, C=native code)
V  [jvm.dll+0x6734ea]
V  [jvm.dll+0x7d18f4]
V  [jvm.dll+0x7d309e]
V  [jvm.dll+0x7d3703]
V  [jvm.dll+0x2433c5]
V  [jvm.dll+0xaa46b]
V  [jvm.dll+0xaaa0c]
V  [jvm.dll+0x2a8b1f]
V  [jvm.dll+0x57bf85]
V  [jvm.dll+0x21e142]
V  [jvm.dll+0x21e51f]
V  [jvm.dll+0x217c36]
V  [jvm.dll+0x215109]
V  [jvm.dll+0x1a1730]
V  [jvm.dll+0x224b6e]
V  [jvm.dll+0x222f15]
V  [jvm.dll+0x78753c]
V  [jvm.dll+0x781a7a]
V  [jvm.dll+0x672375]
C  [ucrtbase.dll+0x21bb2]
C  [KERNEL32.DLL+0x17374]
C  [ntdll.dll+0x4cc91]


---------------  P R O C E S S  ---------------

Threads class SMR info:
_java_thread_list=0x000001202b5eab80, length=16, elements={
0x0000012006e3ce00, 0x0000012024e0bdf0, 0x0000012024e0c8b0, 0x0000012024e1b9b0,
0x0000012024e1c470, 0x0000012024e215f0, 0x0000012024e42a60, 0x0000012024e473b0,
0x0000012024e48500, 0x0000012024e495a0, 0x0000012024df6f90, 0x000001202596d660,
0x000001202596db30, 0x00000120267c3a20, 0x000001202691c0b0, 0x000001202691df10
}

Java Threads: ( => current thread )
  0x0000012006e3ce00 JavaThread "main" [_thread_in_Java, id=10564, stack(0x000000079d200000,0x000000079d300000)]
  0x0000012024e0bdf0 JavaThread "Reference Handler" daemon [_thread_blocked, id=5856, stack(0x000000079d900000,0x000000079da00000)]
  0x0000012024e0c8b0 JavaThread "Finalizer" daemon [_thread_blocked, id=5608, stack(0x000000079da00000,0x000000079db00000)]
  0x0000012024e1b9b0 JavaThread "Signal Dispatcher" daemon [_thread_blocked, id=5724, stack(0x000000079db00000,0x000000079dc00000)]
  0x0000012024e1c470 JavaThread "Attach Listener" daemon [_thread_blocked, id=17224, stack(0x000000079dc00000,0x000000079dd00000)]
  0x0000012024e215f0 JavaThread "Service Thread" daemon [_thread_blocked, id=13492, stack(0x000000079dd00000,0x000000079de00000)]
  0x0000012024e42a60 JavaThread "Monitor Deflation Thread" daemon [_thread_blocked, id=15916, stack(0x000000079de00000,0x000000079df00000)]
=>0x0000012024e473b0 JavaThread "C2 CompilerThread0" daemon [_thread_in_native, id=4012, stack(0x000000079df00000,0x000000079e000000)]
  0x0000012024e48500 JavaThread "C1 CompilerThread0" daemon [_thread_blocked, id=16732, stack(0x000000079e000000,0x000000079e100000)]
  0x0000012024e495a0 JavaThread "Sweeper thread" daemon [_thread_blocked, id=13452, stack(0x000000079e100000,0x000000079e200000)]
  0x0000012024df6f90 JavaThread "Common-Cleaner" daemon [_thread_blocked, id=5052, stack(0x000000079e200000,0x000000079e300000)]
  0x000001202596d660 JavaThread "Monitor Ctrl-Break" daemon [_thread_in_native, id=14260, stack(0x000000079e300000,0x000000079e400000)]
  0x000001202596db30 JavaThread "Notification Thread" daemon [_thread_blocked, id=1640, stack(0x000000079e400000,0x000000079e500000)]
  0x00000120267c3a20 JavaThread "Thread-1" daemon [_thread_blocked, id=9864, stack(0x000000079ef00000,0x000000079f000000)]
  0x000001202691c0b0 JavaThread "C2 CompilerThread1" daemon [_thread_in_vm, id=8072, stack(0x000000079e600000,0x000000079e700000)]
  0x000001202691df10 JavaThread "C2 CompilerThread2" daemon [_thread_in_native, id=16340, stack(0x000000079e700000,0x000000079e800000)]

Other Threads:
  0x0000012024e05c90 VMThread "VM Thread" [stack: 0x000000079d800000,0x000000079d900000] [id=9984]
  0x000001202596ec90 WatcherThread [stack: 0x000000079e500000,0x000000079e600000] [id=15520]
  0x0000012006e904c0 GCTaskThread "GC Thread#0" [stack: 0x000000079d300000,0x000000079d400000] [id=16600]
  0x00000120262be2e0 GCTaskThread "GC Thread#1" [stack: 0x000000079e800000,0x000000079e900000] [id=10064]
  0x0000012026394fc0 GCTaskThread "GC Thread#2" [stack: 0x000000079e900000,0x000000079ea00000] [id=4836]
  0x0000012026439610 GCTaskThread "GC Thread#3" [stack: 0x000000079ea00000,0x000000079eb00000] [id=5752]
  0x000001202676cb70 GCTaskThread "GC Thread#4" [stack: 0x000000079eb00000,0x000000079ec00000] [id=8344]
  0x000001202647b380 GCTaskThread "GC Thread#5" [stack: 0x000000079ec00000,0x000000079ed00000] [id=11312]
  0x000001202647b630 GCTaskThread "GC Thread#6" [stack: 0x000000079ed00000,0x000000079ee00000] [id=16692]
  0x000001202649a040 GCTaskThread "GC Thread#7" [stack: 0x000000079ee00000,0x000000079ef00000] [id=9144]
  0x0000012006ea1ca0 ConcurrentGCThread "G1 Main Marker" [stack: 0x000000079d400000,0x000000079d500000] [id=13320]
  0x0000012006ea3d70 ConcurrentGCThread "G1 Conc#0" [stack: 0x000000079d500000,0x000000079d600000] [id=11304]
  0x0000012025c4ea70 ConcurrentGCThread "G1 Conc#1" [stack: 0x000000079f000000,0x000000079f100000] [id=13628]
  0x0000012024cc20b0 ConcurrentGCThread "G1 Refine#0" [stack: 0x000000079d600000,0x000000079d700000] [id=7740]
  0x0000012025817140 ConcurrentGCThread "G1 Refine#1" [stack: 0x000000079f100000,0x000000079f200000] [id=12520]
  0x0000012025a8bd80 ConcurrentGCThread "G1 Refine#2" [stack: 0x000000079f200000,0x000000079f300000] [id=15228]
  0x000001202b064170 ConcurrentGCThread "G1 Refine#3" [stack: 0x000000079f300000,0x000000079f400000] [id=11344]
  0x0000012024cc29e0 ConcurrentGCThread "G1 Service" [stack: 0x000000079d700000,0x000000079d800000] [id=16332]

Threads with active compile tasks:
C2 CompilerThread0    28033 8976       4       com.sun.tools.javac.code.Types$MembersClosureCache::visitClassType (10 bytes)
C2 CompilerThread1    28033 9019   !   4       com.sun.tools.javac.code.Types$MembersClosureCache::visitClassType (216 bytes)
C2 CompilerThread2    28033 9003       4       com.sun.tools.javac.comp.Resolve::findMethod (428 bytes)

VM state: not at safepoint (normal execution)

VM Mutex/Monitor currently owned by a thread: None

Heap address: 0x0000000083400000, size: 1996 MB, Compressed Oops mode: 32-bit

CDS archive(s) mapped at: [0x0000000800000000-0x0000000800bd0000-0x0000000800bd0000), size 12386304, SharedBaseAddress: 0x0000000800000000, ArchiveRelocationMode: 0.
Compressed class space mapped at: 0x0000000800c00000-0x0000000840c00000, reserved size: 1073741824
Narrow klass base: 0x0000000800000000, Narrow klass shift: 0, Narrow klass range: 0x100000000

GC Precious Log:
 CPUs: 8 total, 8 available
 Memory: 7981M
 Large Page Support: Disabled
 NUMA Support: Disabled
 Compressed Oops: Enabled (32-bit)
 Heap Region Size: 1M
 Heap Min Capacity: 8M
 Heap Initial Capacity: 126M
 Heap Max Capacity: 1996M
 Pre-touch: Disabled
 Parallel Workers: 8
 Concurrent Workers: 2
 Concurrent Refinement Workers: 8
 Periodic GC: Disabled

Heap:
 garbage-first heap   total 160768K, used 125946K [0x0000000083400000, 0x0000000100000000)
  region size 1024K, 80 young (81920K), 6 survivors (6144K)
 Metaspace       used 35770K, committed 36224K, reserved 1081344K
  class space    used 4094K, committed 4288K, reserved 1048576K

Heap Regions: E=young(eden), S=young(survivor), O=old, HS=humongous(starts), HC=humongous(continues), CS=collection set, F=free, OA=open archive, CA=closed archive, TAMS=top-at-mark-start (previous, next)
|   0|0x0000000083400000, 0x0000000083500000, 0x0000000083500000|100%| O|  |TAMS 0x0000000083500000, 0x0000000083400000| Untracked 
|   1|0x0000000083500000, 0x0000000083600000, 0x0000000083600000|100%| O|  |TAMS 0x0000000083600000, 0x0000000083500000| Untracked 
|   2|0x0000000083600000, 0x0000000083700000, 0x0000000083700000|100%| O|  |TAMS 0x0000000083700000, 0x0000000083600000| Untracked 
|   3|0x0000000083700000, 0x0000000083800000, 0x0000000083800000|100%| O|  |TAMS 0x0000000083800000, 0x0000000083700000| Untracked 
|   4|0x0000000083800000, 0x0000000083900000, 0x0000000083900000|100%| O|  |TAMS 0x0000000083900000, 0x0000000083800000| Untracked 
|   5|0x0000000083900000, 0x0000000083a00000, 0x0000000083a00000|100%| O|  |TAMS 0x0000000083a00000, 0x0000000083900000| Untracked 
|   6|0x0000000083a00000, 0x0000000083b00000, 0x0000000083b00000|100%| O|  |TAMS 0x0000000083b00000, 0x0000000083a00000| Untracked 
|   7|0x0000000083b00000, 0x0000000083c00000, 0x0000000083c00000|100%| O|  |TAMS 0x0000000083c00000, 0x0000000083b00000| Untracked 
|   8|0x0000000083c00000, 0x0000000083d00000, 0x0000000083d00000|100%| O|  |TAMS 0x0000000083d00000, 0x0000000083c00000| Untracked 
|   9|0x0000000083d00000, 0x0000000083e00000, 0x0000000083e00000|100%| O|  |TAMS 0x0000000083e00000, 0x0000000083d00000| Untracked 
|  10|0x0000000083e00000, 0x0000000083f00000, 0x0000000083f00000|100%| O|  |TAMS 0x0000000083f00000, 0x0000000083e00000| Untracked 
|  11|0x0000000083f00000, 0x0000000084000000, 0x0000000084000000|100%| O|  |TAMS 0x0000000084000000, 0x0000000083f00000| Untracked 
|  12|0x0000000084000000, 0x0000000084100000, 0x0000000084100000|100%| O|  |TAMS 0x0000000084100000, 0x0000000084000000| Untracked 
|  13|0x0000000084100000, 0x0000000084200000, 0x0000000084200000|100%| O|  |TAMS 0x0000000084200000, 0x0000000084100000| Untracked 
|  14|0x0000000084200000, 0x0000000084300000, 0x0000000084300000|100%|HS|  |TAMS 0x0000000084300000, 0x0000000084200000| Complete 
|  15|0x0000000084300000, 0x0000000084400000, 0x0000000084400000|100%|HC|  |TAMS 0x0000000084400000, 0x0000000084300000| Complete 
|  16|0x0000000084400000, 0x0000000084500000, 0x0000000084500000|100%|HS|  |TAMS 0x0000000084500000, 0x0000000084400000| Complete 
|  17|0x0000000084500000, 0x0000000084600000, 0x0000000084600000|100%| O|  |TAMS 0x0000000084600000, 0x0000000084500000| Untracked 
|  18|0x0000000084600000, 0x0000000084700000, 0x0000000084700000|100%| O|  |TAMS 0x0000000084700000, 0x0000000084600000| Untracked 
|  19|0x0000000084700000, 0x0000000084800000, 0x0000000084800000|100%| O|  |TAMS 0x0000000084800000, 0x0000000084700000| Untracked 
|  20|0x0000000084800000, 0x0000000084900000, 0x0000000084900000|100%| O|  |TAMS 0x0000000084900000, 0x0000000084800000| Untracked 
|  21|0x0000000084900000, 0x0000000084a00000, 0x0000000084a00000|100%| O|  |TAMS 0x0000000084a00000, 0x0000000084900000| Untracked 
|  22|0x0000000084a00000, 0x0000000084b00000, 0x0000000084b00000|100%| O|  |TAMS 0x0000000084b00000, 0x0000000084a00000| Untracked 
|  23|0x0000000084b00000, 0x0000000084c00000, 0x0000000084c00000|100%| O|  |TAMS 0x0000000084c00000, 0x0000000084b00000| Untracked 
|  24|0x0000000084c00000, 0x0000000084d00000, 0x0000000084d00000|100%| O|  |TAMS 0x0000000084d00000, 0x0000000084c00000| Untracked 
|  25|0x0000000084d00000, 0x0000000084e00000, 0x0000000084e00000|100%| O|  |TAMS 0x0000000084e00000, 0x0000000084d00000| Untracked 
|  26|0x0000000084e00000, 0x0000000084f00000, 0x0000000084f00000|100%| O|  |TAMS 0x0000000084f00000, 0x0000000084e00000| Untracked 
|  27|0x0000000084f00000, 0x0000000085000000, 0x0000000085000000|100%| O|  |TAMS 0x0000000085000000, 0x0000000084f00000| Untracked 
|  28|0x0000000085000000, 0x0000000085100000, 0x0000000085100000|100%| O|  |TAMS 0x0000000085100000, 0x0000000085000000| Untracked 
|  29|0x0000000085100000, 0x00000000851c2e00, 0x0000000085200000| 76%| O|  |TAMS 0x00000000851c2e00, 0x0000000085100000| Untracked 
|  30|0x0000000085200000, 0x0000000085300000, 0x0000000085300000|100%| O|  |TAMS 0x0000000085200000, 0x0000000085200000| Untracked 
|  31|0x0000000085300000, 0x0000000085400000, 0x0000000085400000|100%| O|  |TAMS 0x0000000085300000, 0x0000000085300000| Untracked 
|  32|0x0000000085400000, 0x0000000085500000, 0x0000000085500000|100%| O|  |TAMS 0x0000000085500000, 0x0000000085400000| Untracked 
|  33|0x0000000085500000, 0x0000000085600000, 0x0000000085600000|100%| O|  |TAMS 0x0000000085600000, 0x0000000085500000| Untracked 
|  34|0x0000000085600000, 0x0000000085700000, 0x0000000085700000|100%| O|  |TAMS 0x0000000085700000, 0x0000000085600000| Untracked 
|  35|0x0000000085700000, 0x0000000085800000, 0x0000000085800000|100%| O|  |TAMS 0x0000000085800000, 0x0000000085700000| Untracked 
|  36|0x0000000085800000, 0x0000000085900000, 0x0000000085900000|100%| O|  |TAMS 0x0000000085900000, 0x0000000085800000| Untracked 
|  37|0x0000000085900000, 0x0000000085a00000, 0x0000000085a00000|100%| O|  |TAMS 0x0000000085900000, 0x0000000085900000| Untracked 
|  38|0x0000000085a00000, 0x0000000085b00000, 0x0000000085b00000|100%| O|  |TAMS 0x0000000085a00000, 0x0000000085a00000| Untracked 
|  39|0x0000000085b00000, 0x0000000085c00000, 0x0000000085c00000|100%| O|  |TAMS 0x0000000085b00000, 0x0000000085b00000| Untracked 
|  40|0x0000000085c00000, 0x0000000085c3ba00, 0x0000000085d00000| 23%| O|  |TAMS 0x0000000085c00000, 0x0000000085c00000| Untracked 
|  41|0x0000000085d00000, 0x0000000085d00000, 0x0000000085e00000|  0%| F|  |TAMS 0x0000000085d00000, 0x0000000085d00000| Untracked 
|  42|0x0000000085e00000, 0x0000000085e00000, 0x0000000085f00000|  0%| F|  |TAMS 0x0000000085e00000, 0x0000000085e00000| Untracked 
|  43|0x0000000085f00000, 0x0000000085f00000, 0x0000000086000000|  0%| F|  |TAMS 0x0000000085f00000, 0x0000000085f00000| Untracked 
|  44|0x0000000086000000, 0x0000000086000000, 0x0000000086100000|  0%| F|  |TAMS 0x0000000086000000, 0x0000000086000000| Untracked 
|  45|0x0000000086100000, 0x0000000086100000, 0x0000000086200000|  0%| F|  |TAMS 0x0000000086100000, 0x0000000086100000| Untracked 
|  46|0x0000000086200000, 0x0000000086200000, 0x0000000086300000|  0%| F|  |TAMS 0x0000000086200000, 0x0000000086200000| Untracked 
|  47|0x0000000086300000, 0x0000000086300000, 0x0000000086400000|  0%| F|  |TAMS 0x0000000086300000, 0x0000000086300000| Untracked 
|  48|0x0000000086400000, 0x0000000086400000, 0x0000000086500000|  0%| F|  |TAMS 0x0000000086400000, 0x0000000086400000| Untracked 
|  49|0x0000000086500000, 0x0000000086500000, 0x0000000086600000|  0%| F|  |TAMS 0x0000000086500000, 0x0000000086500000| Untracked 
|  50|0x0000000086600000, 0x0000000086600000, 0x0000000086700000|  0%| F|  |TAMS 0x0000000086600000, 0x0000000086600000| Untracked 
|  51|0x0000000086700000, 0x0000000086700000, 0x0000000086800000|  0%| F|  |TAMS 0x0000000086700000, 0x0000000086700000| Untracked 
|  52|0x0000000086800000, 0x0000000086800000, 0x0000000086900000|  0%| F|  |TAMS 0x0000000086800000, 0x0000000086800000| Untracked 
|  53|0x0000000086900000, 0x0000000086900000, 0x0000000086a00000|  0%| F|  |TAMS 0x0000000086900000, 0x0000000086900000| Untracked 
|  54|0x0000000086a00000, 0x0000000086a00000, 0x0000000086b00000|  0%| F|  |TAMS 0x0000000086a00000, 0x0000000086a00000| Untracked 
|  55|0x0000000086b00000, 0x0000000086b00000, 0x0000000086c00000|  0%| F|  |TAMS 0x0000000086b00000, 0x0000000086b00000| Untracked 
|  56|0x0000000086c00000, 0x0000000086c00000, 0x0000000086d00000|  0%| F|  |TAMS 0x0000000086c00000, 0x0000000086c00000| Untracked 
|  57|0x0000000086d00000, 0x0000000086d00000, 0x0000000086e00000|  0%| F|  |TAMS 0x0000000086d00000, 0x0000000086d00000| Untracked 
|  58|0x0000000086e00000, 0x0000000086e00000, 0x0000000086f00000|  0%| F|  |TAMS 0x0000000086e00000, 0x0000000086e00000| Untracked 
|  59|0x0000000086f00000, 0x0000000086f00000, 0x0000000087000000|  0%| F|  |TAMS 0x0000000086f00000, 0x0000000086f00000| Untracked 
|  60|0x0000000087000000, 0x0000000087000000, 0x0000000087100000|  0%| F|  |TAMS 0x0000000087000000, 0x0000000087000000| Untracked 
|  61|0x0000000087100000, 0x0000000087100000, 0x0000000087200000|  0%| F|  |TAMS 0x0000000087100000, 0x0000000087100000| Untracked 
|  62|0x0000000087200000, 0x0000000087200000, 0x0000000087300000|  0%| F|  |TAMS 0x0000000087200000, 0x0000000087200000| Untracked 
|  63|0x0000000087300000, 0x0000000087300000, 0x0000000087400000|  0%| F|  |TAMS 0x0000000087300000, 0x0000000087300000| Untracked 
|  64|0x0000000087400000, 0x0000000087400000, 0x0000000087500000|  0%| F|  |TAMS 0x0000000087400000, 0x0000000087400000| Untracked 
|  65|0x0000000087500000, 0x0000000087500000, 0x0000000087600000|  0%| F|  |TAMS 0x0000000087500000, 0x0000000087500000| Untracked 
|  66|0x0000000087600000, 0x0000000087600000, 0x0000000087700000|  0%| F|  |TAMS 0x0000000087600000, 0x0000000087600000| Untracked 
|  67|0x0000000087700000, 0x0000000087800000, 0x0000000087800000|100%| S|CS|TAMS 0x0000000087700000, 0x0000000087700000| Complete 
|  68|0x0000000087800000, 0x0000000087900000, 0x0000000087900000|100%| S|CS|TAMS 0x0000000087800000, 0x0000000087800000| Complete 
|  69|0x0000000087900000, 0x0000000087900000, 0x0000000087a00000|  0%| F|  |TAMS 0x0000000087900000, 0x0000000087900000| Untracked 
|  70|0x0000000087a00000, 0x0000000087a00000, 0x0000000087b00000|  0%| F|  |TAMS 0x0000000087a00000, 0x0000000087a00000| Untracked 
|  71|0x0000000087b00000, 0x0000000087b00000, 0x0000000087c00000|  0%| F|  |TAMS 0x0000000087b00000, 0x0000000087b00000| Untracked 
|  72|0x0000000087c00000, 0x0000000087c00000, 0x0000000087d00000|  0%| F|  |TAMS 0x0000000087c00000, 0x0000000087c00000| Untracked 
|  73|0x0000000087d00000, 0x0000000087d00000, 0x0000000087e00000|  0%| F|  |TAMS 0x0000000087d00000, 0x0000000087d00000| Untracked 
|  74|0x0000000087e00000, 0x0000000087e00000, 0x0000000087f00000|  0%| F|  |TAMS 0x0000000087e00000, 0x0000000087e00000| Untracked 
|  75|0x0000000087f00000, 0x0000000087f80800, 0x0000000088000000| 50%| E|  |TAMS 0x0000000087f00000, 0x0000000087f00000| Complete 
|  76|0x0000000088000000, 0x0000000088100000, 0x0000000088100000|100%| E|CS|TAMS 0x0000000088000000, 0x0000000088000000| Complete 
|  77|0x0000000088100000, 0x0000000088200000, 0x0000000088200000|100%| E|CS|TAMS 0x0000000088100000, 0x0000000088100000| Complete 
|  78|0x0000000088200000, 0x0000000088300000, 0x0000000088300000|100%| S|CS|TAMS 0x0000000088200000, 0x0000000088200000| Complete 
|  79|0x0000000088300000, 0x0000000088400000, 0x0000000088400000|100%| S|CS|TAMS 0x0000000088300000, 0x0000000088300000| Complete 
|  80|0x0000000088400000, 0x0000000088500000, 0x0000000088500000|100%| S|CS|TAMS 0x0000000088400000, 0x0000000088400000| Complete 
|  81|0x0000000088500000, 0x0000000088600000, 0x0000000088600000|100%| S|CS|TAMS 0x0000000088500000, 0x0000000088500000| Complete 
|  82|0x0000000088600000, 0x0000000088700000, 0x0000000088700000|100%| E|CS|TAMS 0x0000000088600000, 0x0000000088600000| Complete 
|  83|0x0000000088700000, 0x0000000088800000, 0x0000000088800000|100%| E|CS|TAMS 0x0000000088700000, 0x0000000088700000| Complete 
|  84|0x0000000088800000, 0x0000000088900000, 0x0000000088900000|100%| E|CS|TAMS 0x0000000088800000, 0x0000000088800000| Complete 
|  85|0x0000000088900000, 0x0000000088a00000, 0x0000000088a00000|100%| E|CS|TAMS 0x0000000088900000, 0x0000000088900000| Complete 
|  86|0x0000000088a00000, 0x0000000088b00000, 0x0000000088b00000|100%| E|CS|TAMS 0x0000000088a00000, 0x0000000088a00000| Complete 
|  87|0x0000000088b00000, 0x0000000088c00000, 0x0000000088c00000|100%| E|CS|TAMS 0x0000000088b00000, 0x0000000088b00000| Complete 
|  88|0x0000000088c00000, 0x0000000088d00000, 0x0000000088d00000|100%| E|CS|TAMS 0x0000000088c00000, 0x0000000088c00000| Complete 
|  89|0x0000000088d00000, 0x0000000088e00000, 0x0000000088e00000|100%| E|CS|TAMS 0x0000000088d00000, 0x0000000088d00000| Complete 
|  90|0x0000000088e00000, 0x0000000088f00000, 0x0000000088f00000|100%| E|CS|TAMS 0x0000000088e00000, 0x0000000088e00000| Complete 
|  91|0x0000000088f00000, 0x0000000089000000, 0x0000000089000000|100%| E|CS|TAMS 0x0000000088f00000, 0x0000000088f00000| Complete 
|  92|0x0000000089000000, 0x0000000089100000, 0x0000000089100000|100%| E|CS|TAMS 0x0000000089000000, 0x0000000089000000| Complete 
|  93|0x0000000089100000, 0x0000000089200000, 0x0000000089200000|100%| E|CS|TAMS 0x0000000089100000, 0x0000000089100000| Complete 
|  94|0x0000000089200000, 0x0000000089300000, 0x0000000089300000|100%| E|CS|TAMS 0x0000000089200000, 0x0000000089200000| Complete 
|  95|0x0000000089300000, 0x0000000089400000, 0x0000000089400000|100%| E|CS|TAMS 0x0000000089300000, 0x0000000089300000| Complete 
|  96|0x0000000089400000, 0x0000000089500000, 0x0000000089500000|100%| E|CS|TAMS 0x0000000089400000, 0x0000000089400000| Complete 
|  97|0x0000000089500000, 0x0000000089600000, 0x0000000089600000|100%| E|CS|TAMS 0x0000000089500000, 0x0000000089500000| Complete 
|  98|0x0000000089600000, 0x0000000089700000, 0x0000000089700000|100%| E|CS|TAMS 0x0000000089600000, 0x0000000089600000| Complete 
|  99|0x0000000089700000, 0x0000000089800000, 0x0000000089800000|100%| E|CS|TAMS 0x0000000089700000, 0x0000000089700000| Complete 
| 100|0x0000000089800000, 0x0000000089900000, 0x0000000089900000|100%| E|CS|TAMS 0x0000000089800000, 0x0000000089800000| Complete 
| 101|0x0000000089900000, 0x0000000089a00000, 0x0000000089a00000|100%| E|CS|TAMS 0x0000000089900000, 0x0000000089900000| Complete 
| 102|0x0000000089a00000, 0x0000000089b00000, 0x0000000089b00000|100%| E|CS|TAMS 0x0000000089a00000, 0x0000000089a00000| Complete 
| 103|0x0000000089b00000, 0x0000000089c00000, 0x0000000089c00000|100%| E|CS|TAMS 0x0000000089b00000, 0x0000000089b00000| Complete 
| 104|0x0000000089c00000, 0x0000000089d00000, 0x0000000089d00000|100%| E|CS|TAMS 0x0000000089c00000, 0x0000000089c00000| Complete 
| 105|0x0000000089d00000, 0x0000000089e00000, 0x0000000089e00000|100%| E|CS|TAMS 0x0000000089d00000, 0x0000000089d00000| Complete 
| 106|0x0000000089e00000, 0x0000000089f00000, 0x0000000089f00000|100%| E|CS|TAMS 0x0000000089e00000, 0x0000000089e00000| Complete 
| 107|0x0000000089f00000, 0x000000008a000000, 0x000000008a000000|100%| E|CS|TAMS 0x0000000089f00000, 0x0000000089f00000| Complete 
| 108|0x000000008a000000, 0x000000008a100000, 0x000000008a100000|100%| E|CS|TAMS 0x000000008a000000, 0x000000008a000000| Complete 
| 109|0x000000008a100000, 0x000000008a200000, 0x000000008a200000|100%| E|CS|TAMS 0x000000008a100000, 0x000000008a100000| Complete 
| 110|0x000000008a200000, 0x000000008a300000, 0x000000008a300000|100%| E|CS|TAMS 0x000000008a200000, 0x000000008a200000| Complete 
| 111|0x000000008a300000, 0x000000008a400000, 0x000000008a400000|100%| E|CS|TAMS 0x000000008a300000, 0x000000008a300000| Complete 
| 112|0x000000008a400000, 0x000000008a500000, 0x000000008a500000|100%| E|CS|TAMS 0x000000008a400000, 0x000000008a400000| Complete 
| 113|0x000000008a500000, 0x000000008a600000, 0x000000008a600000|100%| E|CS|TAMS 0x000000008a500000, 0x000000008a500000| Complete 
| 114|0x000000008a600000, 0x000000008a700000, 0x000000008a700000|100%| E|CS|TAMS 0x000000008a600000, 0x000000008a600000| Complete 
| 115|0x000000008a700000, 0x000000008a800000, 0x000000008a800000|100%| E|CS|TAMS 0x000000008a700000, 0x000000008a700000| Complete 
| 116|0x000000008a800000, 0x000000008a900000, 0x000000008a900000|100%| E|CS|TAMS 0x000000008a800000, 0x000000008a800000| Complete 
| 117|0x000000008a900000, 0x000000008aa00000, 0x000000008aa00000|100%| E|CS|TAMS 0x000000008a900000, 0x000000008a900000| Complete 
| 118|0x000000008aa00000, 0x000000008ab00000, 0x000000008ab00000|100%| E|CS|TAMS 0x000000008aa00000, 0x000000008aa00000| Complete 
| 119|0x000000008ab00000, 0x000000008ac00000, 0x000000008ac00000|100%| E|CS|TAMS 0x000000008ab00000, 0x000000008ab00000| Complete 
| 120|0x000000008ac00000, 0x000000008ad00000, 0x000000008ad00000|100%| E|CS|TAMS 0x000000008ac00000, 0x000000008ac00000| Complete 
| 121|0x000000008ad00000, 0x000000008ae00000, 0x000000008ae00000|100%| E|CS|TAMS 0x000000008ad00000, 0x000000008ad00000| Complete 
| 122|0x000000008ae00000, 0x000000008af00000, 0x000000008af00000|100%| E|CS|TAMS 0x000000008ae00000, 0x000000008ae00000| Complete 
| 123|0x000000008af00000, 0x000000008b000000, 0x000000008b000000|100%| E|CS|TAMS 0x000000008af00000, 0x000000008af00000| Complete 
| 124|0x000000008b000000, 0x000000008b100000, 0x000000008b100000|100%| E|CS|TAMS 0x000000008b000000, 0x000000008b000000| Complete 
| 125|0x000000008b100000, 0x000000008b200000, 0x000000008b200000|100%| E|CS|TAMS 0x000000008b100000, 0x000000008b100000| Complete 
| 126|0x000000008b200000, 0x000000008b300000, 0x000000008b300000|100%| E|CS|TAMS 0x000000008b200000, 0x000000008b200000| Complete 
| 127|0x000000008b300000, 0x000000008b400000, 0x000000008b400000|100%| E|CS|TAMS 0x000000008b300000, 0x000000008b300000| Complete 
| 128|0x000000008b400000, 0x000000008b500000, 0x000000008b500000|100%| E|CS|TAMS 0x000000008b400000, 0x000000008b400000| Complete 
| 129|0x000000008b500000, 0x000000008b600000, 0x000000008b600000|100%| E|CS|TAMS 0x000000008b500000, 0x000000008b500000| Complete 
| 130|0x000000008b600000, 0x000000008b700000, 0x000000008b700000|100%| E|CS|TAMS 0x000000008b600000, 0x000000008b600000| Complete 
| 131|0x000000008b700000, 0x000000008b800000, 0x000000008b800000|100%| E|CS|TAMS 0x000000008b700000, 0x000000008b700000| Complete 
| 132|0x000000008b800000, 0x000000008b900000, 0x000000008b900000|100%| E|CS|TAMS 0x000000008b800000, 0x000000008b800000| Complete 
| 133|0x000000008b900000, 0x000000008ba00000, 0x000000008ba00000|100%| E|CS|TAMS 0x000000008b900000, 0x000000008b900000| Complete 
| 134|0x000000008ba00000, 0x000000008bb00000, 0x000000008bb00000|100%| E|CS|TAMS 0x000000008ba00000, 0x000000008ba00000| Complete 
| 135|0x000000008bb00000, 0x000000008bc00000, 0x000000008bc00000|100%| E|CS|TAMS 0x000000008bb00000, 0x000000008bb00000| Complete 
| 136|0x000000008bc00000, 0x000000008bd00000, 0x000000008bd00000|100%| E|CS|TAMS 0x000000008bc00000, 0x000000008bc00000| Complete 
| 137|0x000000008bd00000, 0x000000008be00000, 0x000000008be00000|100%| E|CS|TAMS 0x000000008bd00000, 0x000000008bd00000| Complete 
| 138|0x000000008be00000, 0x000000008bf00000, 0x000000008bf00000|100%| E|CS|TAMS 0x000000008be00000, 0x000000008be00000| Complete 
| 139|0x000000008bf00000, 0x000000008c000000, 0x000000008c000000|100%| E|CS|TAMS 0x000000008bf00000, 0x000000008bf00000| Complete 
| 140|0x000000008c000000, 0x000000008c100000, 0x000000008c100000|100%| E|CS|TAMS 0x000000008c000000, 0x000000008c000000| Complete 
| 141|0x000000008c100000, 0x000000008c200000, 0x000000008c200000|100%| E|CS|TAMS 0x000000008c100000, 0x000000008c100000| Complete 
| 142|0x000000008c200000, 0x000000008c300000, 0x000000008c300000|100%| E|CS|TAMS 0x000000008c200000, 0x000000008c200000| Complete 
| 143|0x000000008c300000, 0x000000008c400000, 0x000000008c400000|100%| E|CS|TAMS 0x000000008c300000, 0x000000008c300000| Complete 
| 144|0x000000008c400000, 0x000000008c500000, 0x000000008c500000|100%| E|CS|TAMS 0x000000008c400000, 0x000000008c400000| Complete 
| 145|0x000000008c500000, 0x000000008c600000, 0x000000008c600000|100%| E|CS|TAMS 0x000000008c500000, 0x000000008c500000| Complete 
| 146|0x000000008c600000, 0x000000008c700000, 0x000000008c700000|100%| E|CS|TAMS 0x000000008c600000, 0x000000008c600000| Complete 
| 147|0x000000008c700000, 0x000000008c800000, 0x000000008c800000|100%| E|CS|TAMS 0x000000008c700000, 0x000000008c700000| Complete 
| 164|0x000000008d800000, 0x000000008d900000, 0x000000008d900000|100%| E|CS|TAMS 0x000000008d800000, 0x000000008d800000| Complete 
| 165|0x000000008d900000, 0x000000008da00000, 0x000000008da00000|100%| E|CS|TAMS 0x000000008d900000, 0x000000008d900000| Complete 
| 166|0x000000008da00000, 0x000000008db00000, 0x000000008db00000|100%| E|CS|TAMS 0x000000008da00000, 0x000000008da00000| Complete 
| 167|0x000000008db00000, 0x000000008dc00000, 0x000000008dc00000|100%| E|CS|TAMS 0x000000008db00000, 0x000000008db00000| Complete 
| 168|0x000000008dc00000, 0x000000008dd00000, 0x000000008dd00000|100%| E|CS|TAMS 0x000000008dc00000, 0x000000008dc00000| Complete 
|1992|0x00000000ffc00000, 0x00000000ffd00000, 0x00000000ffd00000|100%| O|  |TAMS 0x00000000ffd00000, 0x00000000ffc00000| Untracked 
|1993|0x00000000ffd00000, 0x00000000ffe00000, 0x00000000ffe00000|100%| O|  |TAMS 0x00000000ffe00000, 0x00000000ffd00000| Untracked 
|1994|0x00000000ffe00000, 0x00000000fff00000, 0x00000000fff00000|100%| O|  |TAMS 0x00000000fff00000, 0x00000000ffe00000| Untracked 
|1995|0x00000000fff00000, 0x0000000100000000, 0x0000000100000000|100%| O|  |TAMS 0x0000000100000000, 0x00000000fff00000| Untracked 

Card table byte_map: [0x000001201dde0000,0x000001201e1d0000] _byte_map_base: 0x000001201d9c6000

Marking Bits (Prev, Next): (CMBitMap*) 0x0000012006e919f0, (CMBitMap*) 0x0000012006e91a30
 Prev Bits: [0x000001201e5c0000, 0x00000120204f0000)
 Next Bits: [0x00000120204f0000, 0x0000012022420000)

Polling page: 0x0000012004e50000

Metaspace:

Usage:
  Non-class:     30.93 MB used.
      Class:      4.00 MB used.
       Both:     34.93 MB used.

Virtual space:
  Non-class space:       32.00 MB reserved,      31.19 MB ( 97%) committed,  4 nodes.
      Class space:        1.00 GB reserved,       4.19 MB ( <1%) committed,  1 nodes.
             Both:        1.03 GB reserved,      35.38 MB (  3%) committed. 

Chunk freelists:
   Non-Class:  544.00 KB
       Class:  3.86 MB
        Both:  4.39 MB

MaxMetaspaceSize: unlimited
CompressedClassSpaceSize: 1.00 GB
Initial GC threshold: 21.00 MB
Current GC threshold: 48.38 MB
CDS: on
MetaspaceReclaimPolicy: balanced
 - commit_granule_bytes: 65536.
 - commit_granule_words: 8192.
 - virtual_space_node_default_size: 1048576.
 - enlarge_chunks_in_place: 1.
 - new_chunks_are_fully_committed: 0.
 - uncommit_free_chunks: 1.
 - use_allocation_guard: 0.
 - handle_deallocations: 1.


Internal statistics:

num_allocs_failed_limit: 5.
num_arena_births: 338.
num_arena_deaths: 0.
num_vsnodes_births: 5.
num_vsnodes_deaths: 0.
num_space_committed: 565.
num_space_uncommitted: 0.
num_chunks_returned_to_freelist: 5.
num_chunks_taken_from_freelist: 1724.
num_chunk_merges: 5.
num_chunk_splits: 1125.
num_chunks_enlarged: 792.
num_purges: 0.
num_inconsistent_stats: 0.

CodeHeap 'non-profiled nmethods': size=120000Kb used=5533Kb max_used=5663Kb free=114466Kb
 bounds [0x0000012016190000, 0x0000012016730000, 0x000001201d6c0000]
CodeHeap 'profiled nmethods': size=120000Kb used=15632Kb max_used=17674Kb free=104367Kb
 bounds [0x000001200e6c0000, 0x000001200f810000, 0x0000012015bf0000]
CodeHeap 'non-nmethods': size=5760Kb used=1257Kb max_used=1333Kb free=4502Kb
 bounds [0x0000012015bf0000, 0x0000012015e60000, 0x0000012016190000]
 total_blobs=7919 nmethods=7362 adapters=469
 compilation: enabled
              stopped_count=0, restarted_count=0
 full_count=0

Compilation events (20 events):
Event: 27.739 Thread 0x0000012024e48500 9012       3       com.sun.tools.javac.comp.Modules::lambda$setupAllModules$8 (22 bytes)
Event: 27.740 Thread 0x0000012024e48500 nmethod 9012 0x000001200e6d5810 code [0x000001200e6d5aa0, 0x000001200e6d6868]
Event: 27.740 Thread 0x0000012024e48500 9015       3       com.sun.tools.javac.code.Directive$RequiresDirective::isTransitive (13 bytes)
Event: 27.740 Thread 0x0000012024e48500 nmethod 9015 0x000001200ea92510 code [0x000001200ea926c0, 0x000001200ea928a8]
Event: 27.740 Thread 0x0000012024e48500 9013       3       com.sun.tools.javac.comp.Modules$$Lambda$339/0x0000000800f233f0::<init> (15 bytes)
Event: 27.741 Thread 0x0000012024e48500 nmethod 9013 0x000001200eab4790 code [0x000001200eab4940, 0x000001200eab4b58]
Event: 27.804 Thread 0x0000012024e48500 9016       3       com.sun.tools.javac.code.Types::containsTypeEquivalent (68 bytes)
Event: 27.805 Thread 0x0000012024e48500 nmethod 9016 0x000001200e736890 code [0x000001200e736b40, 0x000001200e737e48]
Event: 27.806 Thread 0x000001202691c0b0 nmethod 8981 0x00000120164a3c90 code [0x00000120164a40a0, 0x00000120164a60d0]
Event: 27.807 Thread 0x000001202691c0b0 9006       4       com.sun.tools.javac.comp.Attr$TypeAnnotationsValidator::validateAnnotatedType (679 bytes)
Event: 27.855 Thread 0x000001202691c0b0 nmethod 9006 0x00000120163a7910 code [0x00000120163a7b80, 0x00000120163a89f0]
Event: 27.855 Thread 0x000001202691c0b0 9014       4       java.util.List::spliterator (23 bytes)
Event: 27.862 Thread 0x000001202691c0b0 nmethod 9014 0x0000012016360890 code [0x0000012016360a20, 0x0000012016360c98]
Event: 27.862 Thread 0x000001202691c0b0 9007       4       com.sun.tools.javac.comp.Check::getAttributeTargetAttribute (46 bytes)
Event: 27.884 Thread 0x000001202691c0b0 nmethod 9007 0x00000120163ba190 code [0x00000120163ba380, 0x00000120163ba888]
Event: 27.884 Thread 0x000001202691c0b0 8977       4       java.util.Spliterators$IteratorSpliterator::forEachRemaining (58 bytes)
Event: 27.885 Thread 0x000001202691c0b0 nmethod 8977 0x0000012016360310 code [0x00000120163604a0, 0x0000012016360578]
Event: 27.886 Thread 0x000001202691c0b0 8979       4       com.sun.tools.javac.code.TypeAnnotations::annotationTargetType (73 bytes)
Event: 27.900 Thread 0x0000012024e48500 9018       3       com.sun.tools.javac.comp.Attr::visitTypeIdent (32 bytes)
Event: 27.901 Thread 0x0000012024e48500 nmethod 9018 0x000001200ece5310 code [0x000001200ece54c0, 0x000001200ece56e8]

GC Heap History (20 events):
Event: 14.035 GC heap before
{Heap before GC invocations=3 (full 0):
 garbage-first heap   total 129024K, used 79580K [0x0000000083400000, 0x0000000100000000)
  region size 1024K, 75 young (76800K), 10 survivors (10240K)
 Metaspace       used 19004K, committed 19264K, reserved 1073152K
  class space    used 2187K, committed 2304K, reserved 1048576K
}
Event: 14.056 GC heap after
{Heap after GC invocations=4 (full 0):
 garbage-first heap   total 129024K, used 16062K [0x0000000083400000, 0x0000000100000000)
  region size 1024K, 4 young (4096K), 4 survivors (4096K)
 Metaspace       used 19004K, committed 19264K, reserved 1073152K
  class space    used 2187K, committed 2304K, reserved 1048576K
}
Event: 14.622 GC heap before
{Heap before GC invocations=4 (full 0):
 garbage-first heap   total 129024K, used 33470K [0x0000000083400000, 0x0000000100000000)
  region size 1024K, 18 young (18432K), 4 survivors (4096K)
 Metaspace       used 21271K, committed 21504K, reserved 1073152K
  class space    used 2501K, committed 2624K, reserved 1048576K
}
Event: 14.633 GC heap after
{Heap after GC invocations=5 (full 0):
 garbage-first heap   total 129024K, used 23124K [0x0000000083400000, 0x0000000100000000)
  region size 1024K, 7 young (7168K), 7 survivors (7168K)
 Metaspace       used 21271K, committed 21504K, reserved 1073152K
  class space    used 2501K, committed 2624K, reserved 1048576K
}
Event: 16.659 GC heap before
{Heap before GC invocations=6 (full 0):
 garbage-first heap   total 81920K, used 65108K [0x0000000083400000, 0x0000000100000000)
  region size 1024K, 48 young (49152K), 7 survivors (7168K)
 Metaspace       used 26729K, committed 27072K, reserved 1073152K
  class space    used 3084K, committed 3264K, reserved 1048576K
}
Event: 16.711 GC heap after
{Heap after GC invocations=7 (full 0):
 garbage-first heap   total 86016K, used 34325K [0x0000000083400000, 0x0000000100000000)
  region size 1024K, 6 young (6144K), 6 survivors (6144K)
 Metaspace       used 26729K, committed 27072K, reserved 1073152K
  class space    used 3084K, committed 3264K, reserved 1048576K
}
Event: 16.733 GC heap before
{Heap before GC invocations=7 (full 0):
 garbage-first heap   total 86016K, used 35349K [0x0000000083400000, 0x0000000100000000)
  region size 1024K, 7 young (7168K), 6 survivors (6144K)
 Metaspace       used 26744K, committed 27072K, reserved 1073152K
  class space    used 3084K, committed 3264K, reserved 1048576K
}
Event: 16.751 GC heap after
{Heap after GC invocations=8 (full 0):
 garbage-first heap   total 86016K, used 35840K [0x0000000083400000, 0x0000000100000000)
  region size 1024K, 1 young (1024K), 1 survivors (1024K)
 Metaspace       used 26744K, committed 27072K, reserved 1073152K
  class space    used 3084K, committed 3264K, reserved 1048576K
}
Event: 17.346 GC heap before
{Heap before GC invocations=8 (full 0):
 garbage-first heap   total 86016K, used 60416K [0x0000000083400000, 0x0000000100000000)
  region size 1024K, 26 young (26624K), 1 survivors (1024K)
 Metaspace       used 27065K, committed 27392K, reserved 1073152K
  class space    used 3089K, committed 3264K, reserved 1048576K
}
Event: 17.366 GC heap after
{Heap after GC invocations=9 (full 0):
 garbage-first heap   total 86016K, used 39424K [0x0000000083400000, 0x0000000100000000)
  region size 1024K, 4 young (4096K), 4 survivors (4096K)
 Metaspace       used 27065K, committed 27392K, reserved 1073152K
  class space    used 3089K, committed 3264K, reserved 1048576K
}
Event: 18.476 GC heap before
{Heap before GC invocations=9 (full 0):
 garbage-first heap   total 86016K, used 61952K [0x0000000083400000, 0x0000000100000000)
  region size 1024K, 27 young (27648K), 4 survivors (4096K)
 Metaspace       used 28275K, committed 28608K, reserved 1081344K
  class space    used 3211K, committed 3392K, reserved 1048576K
}
Event: 18.496 GC heap after
{Heap after GC invocations=10 (full 0):
 garbage-first heap   total 86016K, used 41739K [0x0000000083400000, 0x0000000100000000)
  region size 1024K, 2 young (2048K), 2 survivors (2048K)
 Metaspace       used 28275K, committed 28608K, reserved 1081344K
  class space    used 3211K, committed 3392K, reserved 1048576K
}
Event: 19.432 GC heap before
{Heap before GC invocations=10 (full 0):
 garbage-first heap   total 86016K, used 64267K [0x0000000083400000, 0x0000000100000000)
  region size 1024K, 25 young (25600K), 2 survivors (2048K)
 Metaspace       used 29337K, committed 29632K, reserved 1081344K
  class space    used 3322K, committed 3456K, reserved 1048576K
}
Event: 19.446 GC heap after
{Heap after GC invocations=11 (full 0):
 garbage-first heap   total 177152K, used 42319K [0x0000000083400000, 0x0000000100000000)
  region size 1024K, 3 young (3072K), 3 survivors (3072K)
 Metaspace       used 29337K, committed 29632K, reserved 1081344K
  class space    used 3322K, committed 3456K, reserved 1048576K
}
Event: 21.222 GC heap before
{Heap before GC invocations=12 (full 0):
 garbage-first heap   total 160768K, used 128335K [0x0000000083400000, 0x0000000100000000)
  region size 1024K, 87 young (89088K), 3 survivors (3072K)
 Metaspace       used 30115K, committed 30464K, reserved 1081344K
  class space    used 3398K, committed 3584K, reserved 1048576K
}
Event: 21.238 GC heap after
{Heap after GC invocations=13 (full 0):
 garbage-first heap   total 160768K, used 45446K [0x0000000083400000, 0x0000000100000000)
  region size 1024K, 6 young (6144K), 6 survivors (6144K)
 Metaspace       used 30115K, committed 30464K, reserved 1081344K
  class space    used 3398K, committed 3584K, reserved 1048576K
}
Event: 24.910 GC heap before
{Heap before GC invocations=13 (full 0):
 garbage-first heap   total 160768K, used 122246K [0x0000000083400000, 0x0000000100000000)
  region size 1024K, 81 young (82944K), 6 survivors (6144K)
 Metaspace       used 35554K, committed 36032K, reserved 1081344K
  class space    used 4093K, committed 4288K, reserved 1048576K
}
Event: 24.937 GC heap after
{Heap after GC invocations=14 (full 0):
 garbage-first heap   total 160768K, used 50823K [0x0000000083400000, 0x0000000100000000)
  region size 1024K, 11 young (11264K), 11 survivors (11264K)
 Metaspace       used 35554K, committed 36032K, reserved 1081344K
  class space    used 4093K, committed 4288K, reserved 1048576K
}
Event: 26.884 GC heap before
{Heap before GC invocations=14 (full 0):
 garbage-first heap   total 160768K, used 123527K [0x0000000083400000, 0x0000000100000000)
  region size 1024K, 82 young (83968K), 11 survivors (11264K)
 Metaspace       used 35691K, committed 36160K, reserved 1081344K
  class space    used 4094K, committed 4288K, reserved 1048576K
}
Event: 26.911 GC heap after
{Heap after GC invocations=15 (full 0):
 garbage-first heap   total 160768K, used 51194K [0x0000000083400000, 0x0000000100000000)
  region size 1024K, 6 young (6144K), 6 survivors (6144K)
 Metaspace       used 35691K, committed 36160K, reserved 1081344K
  class space    used 4094K, committed 4288K, reserved 1048576K
}

Deoptimization events (20 events):
Event: 26.538 Thread 0x0000012006e3ce00 DEOPT PACKING pc=0x00000120164f6554 sp=0x000000079d2fcc40
Event: 26.538 Thread 0x0000012006e3ce00 DEOPT UNPACKING pc=0x0000012015c45ba3 sp=0x000000079d2fcbc0 mode 2
Event: 26.538 Thread 0x0000012006e3ce00 Uncommon trap: trap_request=0xffffffc6 fr.pc=0x0000012016574490 relative=0x0000000000005130
Event: 26.538 Thread 0x0000012006e3ce00 Uncommon trap: reason=bimorphic_or_optimized_type_check action=maybe_recompile pc=0x0000012016574490 method=com.sun.tools.javac.tree.Pretty.printExpr(Lcom/sun/tools/javac/tree/JCTree;I)V @ 25 c2
Event: 26.538 Thread 0x0000012006e3ce00 DEOPT PACKING pc=0x0000012016574490 sp=0x000000079d2fc960
Event: 26.538 Thread 0x0000012006e3ce00 DEOPT UNPACKING pc=0x0000012015c45ba3 sp=0x000000079d2fc890 mode 2
Event: 26.548 Thread 0x0000012006e3ce00 DEOPT PACKING pc=0x000001200f32c436 sp=0x000000079d2fcc90
Event: 26.548 Thread 0x0000012006e3ce00 DEOPT UNPACKING pc=0x0000012015c466e3 sp=0x000000079d2fc220 mode 0
Event: 26.607 Thread 0x0000012006e3ce00 DEOPT PACKING pc=0x000001200f32c436 sp=0x000000079d2fcc90
Event: 26.608 Thread 0x0000012006e3ce00 DEOPT UNPACKING pc=0x0000012015c466e3 sp=0x000000079d2fc220 mode 0
Event: 26.855 Thread 0x0000012006e3ce00 Uncommon trap: trap_request=0xfffffff4 fr.pc=0x00000120166e5a84 relative=0x0000000000000084
Event: 26.855 Thread 0x0000012006e3ce00 Uncommon trap: reason=null_check action=make_not_entrant pc=0x00000120166e5a84 method=java.lang.Long.equals(Ljava/lang/Object;)Z @ 1 c2
Event: 26.855 Thread 0x0000012006e3ce00 DEOPT PACKING pc=0x00000120166e5a84 sp=0x000000079d2fd000
Event: 26.855 Thread 0x0000012006e3ce00 DEOPT UNPACKING pc=0x0000012015c45ba3 sp=0x000000079d2fcfa0 mode 2
Event: 27.727 Thread 0x0000012006e3ce00 Uncommon trap: trap_request=0xffffff45 fr.pc=0x00000120163a50cc relative=0x000000000000022c
Event: 27.727 Thread 0x0000012006e3ce00 Uncommon trap: reason=unstable_if action=reinterpret pc=0x00000120163a50cc method=java.lang.StringLatin1.lastIndexOf([BI[BII)I @ 86 c2
Event: 27.727 Thread 0x0000012006e3ce00 DEOPT PACKING pc=0x00000120163a50cc sp=0x000000079d2fcea0
Event: 27.727 Thread 0x0000012006e3ce00 DEOPT UNPACKING pc=0x0000012015c45ba3 sp=0x000000079d2fcce8 mode 2
Event: 27.736 Thread 0x0000012006e3ce00 DEOPT PACKING pc=0x000001200f12acbc sp=0x000000079d2fca20
Event: 27.736 Thread 0x0000012006e3ce00 DEOPT UNPACKING pc=0x0000012015c466e3 sp=0x000000079d2fbfa0 mode 0

Classes unloaded (0 events):
No events

Classes redefined (0 events):
No events

Internal exceptions (20 events):
Event: 27.276 Thread 0x0000012006e3ce00 Exception <a 'sun/nio/fs/WindowsException'{0x000000008b851648}> (0x000000008b851648) 
thrown [s\open\src\hotspot\share\prims\jni.cpp, line 516]
Event: 27.276 Thread 0x0000012006e3ce00 Exception <a 'sun/nio/fs/WindowsException'{0x000000008b8519d8}> (0x000000008b8519d8) 
thrown [s\open\src\hotspot\share\prims\jni.cpp, line 516]
Event: 27.277 Thread 0x0000012006e3ce00 Exception <a 'sun/nio/fs/WindowsException'{0x000000008b8529e8}> (0x000000008b8529e8) 
thrown [s\open\src\hotspot\share\prims\jni.cpp, line 516]
Event: 27.277 Thread 0x0000012006e3ce00 Exception <a 'sun/nio/fs/WindowsException'{0x000000008b852d08}> (0x000000008b852d08) 
thrown [s\open\src\hotspot\share\prims\jni.cpp, line 516]
Event: 27.579 Thread 0x0000012006e3ce00 Exception <a 'sun/nio/fs/WindowsException'{0x000000008a4ffc80}> (0x000000008a4ffc80) 
thrown [s\open\src\hotspot\share\prims\jni.cpp, line 516]
Event: 27.579 Thread 0x0000012006e3ce00 Exception <a 'sun/nio/fs/WindowsException'{0x000000008a300208}> (0x000000008a300208) 
thrown [s\open\src\hotspot\share\prims\jni.cpp, line 516]
Event: 27.579 Thread 0x0000012006e3ce00 Exception <a 'sun/nio/fs/WindowsException'{0x000000008a3013a8}> (0x000000008a3013a8) 
thrown [s\open\src\hotspot\share\prims\jni.cpp, line 516]
Event: 27.579 Thread 0x0000012006e3ce00 Exception <a 'sun/nio/fs/WindowsException'{0x000000008a301738}> (0x000000008a301738) 
thrown [s\open\src\hotspot\share\prims\jni.cpp, line 516]
Event: 27.579 Thread 0x0000012006e3ce00 Exception <a 'sun/nio/fs/WindowsException'{0x000000008a302748}> (0x000000008a302748) 
thrown [s\open\src\hotspot\share\prims\jni.cpp, line 516]
Event: 27.579 Thread 0x0000012006e3ce00 Exception <a 'sun/nio/fs/WindowsException'{0x000000008a302a68}> (0x000000008a302a68) 
thrown [s\open\src\hotspot\share\prims\jni.cpp, line 516]
Event: 27.727 Thread 0x0000012006e3ce00 Exception <a 'sun/nio/fs/WindowsException'{0x00000000890b1e48}> (0x00000000890b1e48) 
thrown [s\open\src\hotspot\share\prims\jni.cpp, line 516]
Event: 27.727 Thread 0x0000012006e3ce00 Exception <a 'sun/nio/fs/WindowsException'{0x00000000890b2550}> (0x00000000890b2550) 
thrown [s\open\src\hotspot\share\prims\jni.cpp, line 516]
Event: 27.728 Thread 0x0000012006e3ce00 Exception <a 'sun/nio/fs/WindowsException'{0x00000000890b3418}> (0x00000000890b3418) 
thrown [s\open\src\hotspot\share\prims\jni.cpp, line 516]
Event: 27.728 Thread 0x0000012006e3ce00 Exception <a 'java/io/FileNotFoundException'{0x00000000890b3dc0}> (0x00000000890b3dc0) 
thrown [s\open\src\hotspot\share\prims\jni.cpp, line 516]
Event: 27.736 Thread 0x0000012006e3ce00 Exception <a 'sun/nio/fs/WindowsException'{0x00000000890fb640}> (0x00000000890fb640) 
thrown [s\open\src\hotspot\share\prims\jni.cpp, line 516]
Event: 27.736 Thread 0x0000012006e3ce00 Exception <a 'sun/nio/fs/WindowsException'{0x00000000890fb950}> (0x00000000890fb950) 
thrown [s\open\src\hotspot\share\prims\jni.cpp, line 516]
Event: 27.737 Thread 0x0000012006e3ce00 Exception <a 'sun/nio/fs/WindowsException'{0x00000000890fc878}> (0x00000000890fc878) 
thrown [s\open\src\hotspot\share\prims\jni.cpp, line 516]
Event: 27.737 Thread 0x0000012006e3ce00 Exception <a 'sun/nio/fs/WindowsException'{0x00000000890fcc08}> (0x00000000890fcc08) 
thrown [s\open\src\hotspot\share\prims\jni.cpp, line 516]
Event: 27.737 Thread 0x0000012006e3ce00 Exception <a 'sun/nio/fs/WindowsException'{0x00000000890fdc18}> (0x00000000890fdc18) 
thrown [s\open\src\hotspot\share\prims\jni.cpp, line 516]
Event: 27.737 Thread 0x0000012006e3ce00 Exception <a 'sun/nio/fs/WindowsException'{0x00000000890fdf38}> (0x00000000890fdf38) 
thrown [s\open\src\hotspot\share\prims\jni.cpp, line 516]

VM Operations (20 events):
Event: 24.823 Executing VM operation: ICBufferFull
Event: 24.823 Executing VM operation: ICBufferFull done
Event: 24.910 Executing VM operation: G1CollectForAllocation
Event: 24.937 Executing VM operation: G1CollectForAllocation done
Event: 25.563 Executing VM operation: ICBufferFull
Event: 25.563 Executing VM operation: ICBufferFull done
Event: 26.062 Executing VM operation: ICBufferFull
Event: 26.062 Executing VM operation: ICBufferFull done
Event: 26.500 Executing VM operation: HandshakeAllThreads
Event: 26.500 Executing VM operation: HandshakeAllThreads done
Event: 26.509 Executing VM operation: ICBufferFull
Event: 26.509 Executing VM operation: ICBufferFull done
Event: 26.531 Executing VM operation: HandshakeAllThreads
Event: 26.531 Executing VM operation: HandshakeAllThreads done
Event: 26.586 Executing VM operation: HandshakeAllThreads
Event: 26.586 Executing VM operation: HandshakeAllThreads done
Event: 26.883 Executing VM operation: G1CollectForAllocation
Event: 26.911 Executing VM operation: G1CollectForAllocation done
Event: 27.921 Executing VM operation: Cleanup
Event: 27.921 Executing VM operation: Cleanup done

Events (20 events):
Event: 26.605 Thread 0x0000012024e495a0 flushing nmethod 0x000001200f627990
Event: 26.605 Thread 0x0000012024e495a0 flushing nmethod 0x000001200f644010
Event: 26.605 Thread 0x0000012024e495a0 flushing nmethod 0x000001200f65af90
Event: 26.605 Thread 0x0000012024e495a0 flushing nmethod 0x000001200f660910
Event: 26.605 Thread 0x0000012024e495a0 flushing nmethod 0x000001200f664510
Event: 26.605 Thread 0x0000012024e495a0 flushing nmethod 0x000001200f665210
Event: 26.605 Thread 0x0000012024e495a0 flushing nmethod 0x000001200f667710
Event: 26.605 Thread 0x0000012024e495a0 flushing nmethod 0x000001200f667f10
Event: 26.605 Thread 0x0000012024e495a0 flushing nmethod 0x000001200f669810
Event: 26.605 Thread 0x0000012024e495a0 flushing nmethod 0x000001200f671610
Event: 26.605 Thread 0x0000012024e495a0 flushing nmethod 0x000001200f713110
Event: 26.605 Thread 0x0000012024e495a0 flushing nmethod 0x000001200f719c90
Event: 26.605 Thread 0x0000012024e495a0 flushing nmethod 0x000001200f71a290
Event: 26.605 Thread 0x0000012024e495a0 flushing nmethod 0x000001200f71a690
Event: 26.605 Thread 0x0000012024e495a0 flushing nmethod 0x000001200f71ca90
Event: 26.605 Thread 0x0000012024e495a0 flushing nmethod 0x000001200f724490
Event: 26.606 Thread 0x0000012024e495a0 flushing nmethod 0x000001200f734490
Event: 26.606 Thread 0x0000012024e495a0 flushing nmethod 0x000001200f757510
Event: 26.606 Thread 0x0000012024e495a0 flushing nmethod 0x000001200f774010
Event: 26.606 Thread 0x0000012024e495a0 flushing nmethod 0x000001200f78d390


Dynamic libraries:
0x00007ff629a70000 - 0x00007ff629a80000 	C:\Program Files\Java\jdk-17\bin\java.exe
0x00007ffa06890000 - 0x00007ffa06a88000 	C:\Windows\SYSTEM32\ntdll.dll
0x00007ffa06180000 - 0x00007ffa06242000 	C:\Windows\System32\KERNEL32.DLL
0x00007ffa045b0000 - 0x00007ffa048a6000 	C:\Windows\System32\KERNELBASE.dll
0x00007ffa04290000 - 0x00007ffa04390000 	C:\Windows\System32\ucrtbase.dll
0x00007ffa00570000 - 0x00007ffa00588000 	C:\Program Files\Java\jdk-17\bin\jli.dll
0x00007ffa006e0000 - 0x00007ffa006fb000 	C:\Program Files\Java\jdk-17\bin\VCRUNTIME140.dll
0x00007ffa05810000 - 0x00007ffa058bf000 	C:\Windows\System32\ADVAPI32.dll
0x00007ffa04c10000 - 0x00007ffa04cae000 	C:\Windows\System32\msvcrt.dll
0x00007ffa062b0000 - 0x00007ffa0634f000 	C:\Windows\System32\sechost.dll
0x00007ffa05f70000 - 0x00007ffa06093000 	C:\Windows\System32\RPCRT4.dll
0x00007ffa03fc0000 - 0x00007ffa03fe7000 	C:\Windows\System32\bcrypt.dll
0x00007ffa06350000 - 0x00007ffa064ed000 	C:\Windows\System32\USER32.dll
0x00007ff9f24c0000 - 0x00007ff9f275a000 	C:\Windows\WinSxS\amd64_microsoft.windows.common-controls_6595b64144ccf1df_6.0.19041.4355_none_60b8b9eb71f62e16\COMCTL32.dll
0x00007ffa044b0000 - 0x00007ffa044d2000 	C:\Windows\System32\win32u.dll
0x00007ffa05950000 - 0x00007ffa0597b000 	C:\Windows\System32\GDI32.dll
0x00007ffa04390000 - 0x00007ffa044aa000 	C:\Windows\System32\gdi32full.dll
0x00007ffa03f20000 - 0x00007ffa03fbd000 	C:\Windows\System32\msvcp_win.dll
0x00007ff9faf40000 - 0x00007ff9faf4a000 	C:\Windows\SYSTEM32\VERSION.dll
0x00007ffa04990000 - 0x00007ffa049bf000 	C:\Windows\System32\IMM32.DLL
0x00007ffa00770000 - 0x00007ffa0077c000 	C:\Program Files\Java\jdk-17\bin\vcruntime140_1.dll
0x00007ff9fc6e0000 - 0x00007ff9fc76e000 	C:\Program Files\Java\jdk-17\bin\msvcp140.dll
0x00007ff978c90000 - 0x00007ff979867000 	C:\Program Files\Java\jdk-17\bin\server\jvm.dll
0x00007ffa06150000 - 0x00007ffa06158000 	C:\Windows\System32\PSAPI.DLL
0x00007ff9fe2d0000 - 0x00007ff9fe2d9000 	C:\Windows\SYSTEM32\WSOCK32.dll
0x00007ffa05980000 - 0x00007ffa059eb000 	C:\Windows\System32\WS2_32.dll
0x00007ff9f3ed0000 - 0x00007ff9f3ef7000 	C:\Windows\SYSTEM32\WINMM.dll
0x00007ffa01da0000 - 0x00007ffa01db2000 	C:\Windows\SYSTEM32\kernel.appcore.dll
0x00007ffa006a0000 - 0x00007ffa006aa000 	C:\Program Files\Java\jdk-17\bin\jimage.dll
0x00007ff9f28f0000 - 0x00007ff9f2ad4000 	C:\Windows\SYSTEM32\DBGHELP.DLL
0x00007ff9e86b0000 - 0x00007ff9e86e4000 	C:\Windows\SYSTEM32\dbgcore.DLL
0x00007ffa04200000 - 0x00007ffa04282000 	C:\Windows\System32\bcryptPrimitives.dll
0x00007ffa00560000 - 0x00007ffa0056e000 	C:\Program Files\Java\jdk-17\bin\instrument.dll
0x00007ff9fca60000 - 0x00007ff9fca85000 	C:\Program Files\Java\jdk-17\bin\java.dll
0x00007ff9e6f00000 - 0x00007ff9e6fd7000 	C:\Program Files\Java\jdk-17\bin\jsvml.dll
0x00007ffa05040000 - 0x00007ffa057af000 	C:\Windows\System32\SHELL32.dll
0x00007ffa01fa0000 - 0x00007ffa02743000 	C:\Windows\SYSTEM32\windows.storage.dll
0x00007ffa064f0000 - 0x00007ffa06845000 	C:\Windows\System32\combase.dll
0x00007ffa038e0000 - 0x00007ffa0390b000 	C:\Windows\SYSTEM32\Wldp.dll
0x00007ffa04a20000 - 0x00007ffa04aed000 	C:\Windows\System32\OLEAUT32.dll
0x00007ffa060a0000 - 0x00007ffa0614d000 	C:\Windows\System32\SHCORE.dll
0x00007ffa049c0000 - 0x00007ffa04a15000 	C:\Windows\System32\shlwapi.dll
0x00007ffa03e50000 - 0x00007ffa03e75000 	C:\Windows\SYSTEM32\profapi.dll
0x00007ff9ffaf0000 - 0x00007ff9ffb08000 	C:\Program Files\Java\jdk-17\bin\zip.dll
0x00007ff9fca40000 - 0x00007ff9fca59000 	C:\Program Files\Java\jdk-17\bin\net.dll
0x00007ff9fbf20000 - 0x00007ff9fc02a000 	C:\Windows\SYSTEM32\WINHTTP.dll
0x00007ffa035e0000 - 0x00007ffa0364c000 	C:\Windows\system32\mswsock.dll
0x00007ff9fc9b0000 - 0x00007ff9fc9c6000 	C:\Program Files\Java\jdk-17\bin\nio.dll
0x00007ff9ffb30000 - 0x00007ff9ffb4a000 	F:\Work\Intellij Idea Setup\IntelliJ IDEA Ultimate\IntelliJ IDEA 2024.3.1.1\bin\breakgen64.dll
0x00007ff9e34e0000 - 0x00007ff9e3504000 	C:\Users\pc\AppData\Local\Temp\jansi-2.4.1-cdb3c753caad7b7b-jansi.dll
0x00007ffa00550000 - 0x00007ffa00560000 	C:\Program Files\Java\jdk-17\bin\verify.dll

dbghelp: loaded successfully - version: 4.0.5 - missing functions: none
symbol engine: initialized successfully - sym options: 0x614 - pdb path: .;C:\Program Files\Java\jdk-17\bin;C:\Windows\SYSTEM32;C:\Windows\WinSxS\amd64_microsoft.windows.common-controls_6595b64144ccf1df_6.0.19041.4355_none_60b8b9eb71f62e16;C:\Program Files\Java\jdk-17\bin\server;F:\Work\Intellij Idea Setup\IntelliJ IDEA Ultimate\IntelliJ IDEA 2024.3.1.1\bin;C:\Users\pc\AppData\Local\Temp

VM Arguments:
jvm_args: -Dmaven.multiModuleProjectDirectory=F:\Work\DATN\RecipeFullStack\Be\JwtObjectService -Djansi.passthrough=true -Dmaven.home=F:\Work\Intellij Idea Setup\IntelliJ IDEA Ultimate\IntelliJ IDEA 2024.3.1.1\plugins\maven\lib\maven3 -Dclassworlds.conf=F:\Work\Intellij Idea Setup\IntelliJ IDEA Ultimate\IntelliJ IDEA 2024.3.1.1\plugins\maven\lib\maven3\bin\m2.conf -Dmaven.ext.class.path=F:\Work\Intellij Idea Setup\IntelliJ IDEA Ultimate\IntelliJ IDEA 2024.3.1.1\plugins\maven\lib\maven-event-listener.jar -javaagent:F:\Work\Intellij Idea Setup\IntelliJ IDEA Ultimate\IntelliJ IDEA 2024.3.1.1\lib\idea_rt.jar=54200:F:\Work\Intellij Idea Setup\IntelliJ IDEA Ultimate\IntelliJ IDEA 2024.3.1.1\bin -Dfile.encoding=UTF-8 
java_command: org.codehaus.classworlds.Launcher -Didea.version=2024.3.1.1 -Dmaven.repo.local=C:\Users\pc\.m2\repository clean compile install
java_class_path (initial): F:\Work\Intellij Idea Setup\IntelliJ IDEA Ultimate\IntelliJ IDEA 2024.3.1.1\plugins\maven\lib\maven3\boot\plexus-classworlds-2.8.0.jar;F:\Work\Intellij Idea Setup\IntelliJ IDEA Ultimate\IntelliJ IDEA 2024.3.1.1\plugins\maven\lib\maven3\boot\plexus-classworlds.license
Launcher Type: SUN_STANDARD

[Global flags]
     intx CICompilerCount                          = 4                                         {product} {ergonomic}
     uint ConcGCThreads                            = 2                                         {product} {ergonomic}
     uint G1ConcRefinementThreads                  = 8                                         {product} {ergonomic}
   size_t G1HeapRegionSize                         = 1048576                                   {product} {ergonomic}
    uintx GCDrainStackTargetSize                   = 64                                        {product} {ergonomic}
   size_t InitialHeapSize                          = 132120576                                 {product} {ergonomic}
   size_t MarkStackSize                            = 4194304                                   {product} {ergonomic}
   size_t MaxHeapSize                              = 2092957696                                {product} {ergonomic}
   size_t MaxNewSize                               = 1255145472                                {product} {ergonomic}
   size_t MinHeapDeltaBytes                        = 1048576                                   {product} {ergonomic}
   size_t MinHeapSize                              = 8388608                                   {product} {ergonomic}
    uintx NonNMethodCodeHeapSize                   = 5839372                                {pd product} {ergonomic}
    uintx NonProfiledCodeHeapSize                  = 122909434                              {pd product} {ergonomic}
    uintx ProfiledCodeHeapSize                     = 122909434                              {pd product} {ergonomic}
    uintx ReservedCodeCacheSize                    = 251658240                              {pd product} {ergonomic}
     bool SegmentedCodeCache                       = true                                      {product} {ergonomic}
   size_t SoftMaxHeapSize                          = 2092957696                             {manageable} {ergonomic}
     bool UseCompressedClassPointers               = true                           {product lp64_product} {ergonomic}
     bool UseCompressedOops                        = true                           {product lp64_product} {ergonomic}
     bool UseG1GC                                  = true                                      {product} {ergonomic}
     bool UseLargePagesIndividualAllocation        = false                                  {pd product} {ergonomic}

Logging:
Log output configuration:
 #0: stdout all=warning uptime,level,tags
 #1: stderr all=off uptime,level,tags

Environment Variables:
JAVA_HOME=C:\Program Files\Java\jdk-23
PATH=C:\Program Files\Common Files\Oracle\Java\javapath;C:\Windows\system32;C:\Windows;C:\Windows\System32\Wbem;C:\Windows\System32\WindowsPowerShell\v1.0\;C:\Windows\System32\OpenSSH\;C:\Program Files\Microsoft SQL Server\150\Tools\Binn\;C:\Program Files\Microsoft SQL Server\Client SDK\ODBC\170\Tools\Binn\;C:\Program Files (x86)\Microsoft SQL Server\160\Tools\Binn\;C:\Program Files\Microsoft SQL Server\160\Tools\Binn\;C:\Program Files\Microsoft SQL Server\160\DTS\Binn\;C:\Program Files (x86)\Microsoft SQL Server\160\DTS\Binn\;F:\H?c\Git\Git\cmd;C:\Program Files\dotnet\;C:\Program Files\Java\jdk-23\bin;C:\Program Files\Git\cmd;C:\Users\pc\apache-maven-3.9.9\bin;C:\Program Files\node-v20.3.1-win-x64;C:\Users\pc\AppData\Local\Microsoft\WindowsApps;C:\Users\pc\.dotnet\tools;F:\Work\VS Code\Microsoft VS Code\bin
USERNAME=pc
OS=Windows_NT
PROCESSOR_IDENTIFIER=Intel64 Family 6 Model 126 Stepping 5, GenuineIntel



---------------  S Y S T E M  ---------------

OS:
 Windows 10 , 64 bit Build 19041 (10.0.19041.5678)
OS uptime: 0 days 6:53 hours

CPU: total 8 (initial active 8) (4 cores per cpu, 2 threads per core) family 6 model 126 stepping 5 microcode 0x78, cx8, cmov, fxsr, ht, mmx, 3dnowpref, sse, sse2, sse3, ssse3, sse4.1, sse4.2, popcnt, lzcnt, tsc, tscinvbit, avx, avx2, aes, erms, clmul, bmi1, bmi2, adx, avx512f, avx512dq, avx512cd, avx512bw, avx512vl, sha, fma, vzeroupper, avx512_vpopcntdq, avx512_vpclmulqdq, avx512_vaes, avx512_vnni, clflush, clflushopt, avx512_vbmi2, avx512_vbmi

Memory: 4k page, system-wide physical 7981M (524M free)
TotalPageFile size 16077M (AvailPageFile size 5M)
current process WorkingSet (physical memory assigned to process): 321M, peak: 346M
current process commit charge ("private bytes"): 354M, peak: 380M

vm_info: Java HotSpot(TM) 64-Bit Server VM (17.0.6+9-LTS-190) for windows-amd64 JRE (17.0.6+9-LTS-190), built on Dec  6 2022 15:53:54 by "mach5one" with MS VC++ 17.1 (VS2022)

END.
